[17:52:01] [32minfo[39m: ✅ MongoDB connected successfully
[17:52:01] [32minfo[39m: Server running on port 5000
[17:52:35] [32minfo[39m: [Request] POST /api/vendor/login - 2025-12-23T12:22:35.767Z
[17:52:36] [32minfo[39m: [Request] GET /api/vendor/dashboard - 2025-12-23T12:22:36.604Z
[17:52:36] [32minfo[39m: [Request] GET /api/vendor/dashboard - 2025-12-23T12:22:36.618Z
[17:54:44] [32minfo[39m: ✅ MongoDB connected successfully
[17:54:44] [32minfo[39m: Server running on port 5000
[17:56:47] [32minfo[39m: ✅ MongoDB connected successfully
[17:56:47] [32minfo[39m: Server running on port 5000
[17:57:18] [32minfo[39m: ✅ MongoDB connected successfully
[17:57:18] [32minfo[39m: Server running on port 5000
[17:58:04] [32minfo[39m: ✅ MongoDB connected successfully
[17:58:04] [32minfo[39m: Server running on port 5000
[17:59:04] [32minfo[39m: ✅ MongoDB connected successfully
[17:59:04] [32minfo[39m: Server running on port 5000
[17:59:36] [32minfo[39m: ✅ MongoDB connected successfully
[17:59:36] [32minfo[39m: Server running on port 5000
[18:23:12] [32minfo[39m: ✅ MongoDB connected successfully
[18:23:12] [32minfo[39m: Server running on port 5000
[18:23:42] [32minfo[39m: ✅ MongoDB connected successfully
[18:23:42] [32minfo[39m: Server running on port 5000
[18:24:15] [32minfo[39m: ✅ MongoDB connected successfully
[18:24:15] [32minfo[39m: Server running on port 5000
[18:24:44] [32minfo[39m: ✅ MongoDB connected successfully
[18:24:44] [32minfo[39m: Server running on port 5000
[18:24:54] [32minfo[39m: ✅ MongoDB connected successfully
[18:24:54] [32minfo[39m: Server running on port 5000
[18:27:18] [32minfo[39m: ✅ MongoDB connected successfully
[18:27:18] [32minfo[39m: Server running on port 5000
[18:27:30] [32minfo[39m: ✅ MongoDB connected successfully
[18:27:30] [32minfo[39m: Server running on port 5000
[18:28:42] [32minfo[39m: [Request] POST /admin/auth/login - 2025-12-23T12:58:42.590Z
[18:29:32] [32minfo[39m: [Request] GET /admin/analytics/vendors - 2025-12-23T12:59:32.142Z
[18:29:32] [32minfo[39m: ADMIN JWT SECRET:
[18:29:32] [32minfo[39m: ADMIN TOKEN:
[18:29:32] [32minfo[39m: DECODED ADMIN TOKEN:
[18:29:51] [32minfo[39m: [Request] GET /admin/analytics/files - 2025-12-23T12:59:51.860Z
[18:29:51] [32minfo[39m: ADMIN JWT SECRET:
[18:29:51] [32minfo[39m: ADMIN TOKEN:
[18:29:51] [32minfo[39m: DECODED ADMIN TOKEN:
[18:30:18] [32minfo[39m: [Request] GET /admin/analytics/security - 2025-12-23T13:00:18.347Z
[18:30:18] [32minfo[39m: ADMIN JWT SECRET:
[18:30:18] [32minfo[39m: ADMIN TOKEN:
[18:30:18] [32minfo[39m: DECODED ADMIN TOKEN:
[18:30:18] [31merror[39m: [Error] GET /admin/analytics/security - creatAuditLog is not defined
ReferenceError: creatAuditLog is not defined
    at computeSecurityAnalytics (file:///C:/Users/Pratik/Projects/sandbox/Backend/src/admin/services/adminAnalytics.service.js:69:20)
    at getSecurityAnalytics (file:///C:/Users/Pratik/Projects/sandbox/Backend/src/admin/controllers/adminAnalytics.controller.js:45:24)
    at Layer.handleRequest (C:\Users\Pratik\Projects\sandbox\Backend\node_modules\router\lib\layer.js:152:17)
    at next (C:\Users\Pratik\Projects\sandbox\Backend\node_modules\router\lib\route.js:157:13)
    at requireAdmin (file:///C:/Users/Pratik/Projects/sandbox/Backend/src/middleware/admin.middleware.js:74:5)
    at process.processTicksAndRejections (node:internal/process/task_queues:105:5)
[18:30:45] [32minfo[39m: [Request] GET /admin/analytics/overview?range=7d - 2025-12-23T13:00:45.610Z
[18:30:45] [32minfo[39m: ADMIN JWT SECRET:
[18:30:45] [32minfo[39m: ADMIN TOKEN:
[18:30:45] [32minfo[39m: DECODED ADMIN TOKEN:
[18:30:45] [31merror[39m: [Error] GET /admin/analytics/overview?range=7d - AuditLog is not defined
ReferenceError: AuditLog is not defined
    at computeOverviewAnalytics (file:///C:/Users/Pratik/Projects/sandbox/Backend/src/admin/services/adminAnalytics.service.js:20:5)
    at getOverviewAnalytics (file:///C:/Users/Pratik/Projects/sandbox/Backend/src/admin/controllers/adminAnalytics.controller.js:15:24)
    at Layer.handleRequest (C:\Users\Pratik\Projects\sandbox\Backend\node_modules\router\lib\layer.js:152:17)
    at next (C:\Users\Pratik\Projects\sandbox\Backend\node_modules\router\lib\route.js:157:13)
    at requireAdmin (file:///C:/Users/Pratik/Projects/sandbox/Backend/src/middleware/admin.middleware.js:74:5)
    at process.processTicksAndRejections (node:internal/process/task_queues:105:5)
[18:33:14] [32minfo[39m: [Request] GET /admin/analytics/admin-actions - 2025-12-23T13:03:14.500Z
[18:33:14] [32minfo[39m: ADMIN JWT SECRET:
[18:33:14] [32minfo[39m: ADMIN TOKEN:
[18:33:14] [32minfo[39m: DECODED ADMIN TOKEN:
[18:33:14] [31merror[39m: [Error] GET /admin/analytics/admin-actions - creatAuditLog is not defined
ReferenceError: creatAuditLog is not defined
    at computeAdminActionAnalytics (file:///C:/Users/Pratik/Projects/sandbox/Backend/src/admin/services/adminAnalytics.service.js:79:19)
    at getAdminActionAnalytics (file:///C:/Users/Pratik/Projects/sandbox/Backend/src/admin/controllers/adminAnalytics.controller.js:55:24)
    at Layer.handleRequest (C:\Users\Pratik\Projects\sandbox\Backend\node_modules\router\lib\layer.js:152:17)
    at next (C:\Users\Pratik\Projects\sandbox\Backend\node_modules\router\lib\route.js:157:13)
    at requireAdmin (file:///C:/Users/Pratik/Projects/sandbox/Backend/src/middleware/admin.middleware.js:74:5)
    at process.processTicksAndRejections (node:internal/process/task_queues:105:5)
[18:34:58] [32minfo[39m: ✅ MongoDB connected successfully
[18:34:58] [32minfo[39m: Server running on port 5000
[18:35:00] [32minfo[39m: [Request] GET /admin/analytics/admin-actions - 2025-12-23T13:05:00.283Z
[18:35:00] [32minfo[39m: ADMIN JWT SECRET:
[18:35:00] [32minfo[39m: ADMIN TOKEN:
[18:35:00] [32minfo[39m: DECODED ADMIN TOKEN:
[18:35:00] [31merror[39m: [Error] GET /admin/analytics/admin-actions - creatAuditLog is not defined
ReferenceError: creatAuditLog is not defined
    at computeAdminActionAnalytics (file:///C:/Users/Pratik/Projects/sandbox/Backend/src/admin/services/adminAnalytics.service.js:79:19)
    at getAdminActionAnalytics (file:///C:/Users/Pratik/Projects/sandbox/Backend/src/admin/controllers/adminAnalytics.controller.js:55:24)
    at Layer.handleRequest (C:\Users\Pratik\Projects\sandbox\Backend\node_modules\router\lib\layer.js:152:17)
    at next (C:\Users\Pratik\Projects\sandbox\Backend\node_modules\router\lib\route.js:157:13)
    at requireAdmin (file:///C:/Users/Pratik/Projects/sandbox/Backend/src/middleware/admin.middleware.js:74:5)
    at process.processTicksAndRejections (node:internal/process/task_queues:105:5)
[18:35:39] [32minfo[39m: ✅ MongoDB connected successfully
[18:35:39] [32minfo[39m: Server running on port 5000
[18:35:43] [32minfo[39m: [Request] GET /admin/analytics/admin-actions - 2025-12-23T13:05:43.433Z
[18:35:43] [32minfo[39m: ADMIN JWT SECRET:
[18:35:43] [32minfo[39m: ADMIN TOKEN:
[18:35:43] [32minfo[39m: DECODED ADMIN TOKEN:
[18:35:43] [31merror[39m: [Error] GET /admin/analytics/admin-actions - createAuditLog.aggregate is not a function
TypeError: createAuditLog.aggregate is not a function
    at computeAdminActionAnalytics (file:///C:/Users/Pratik/Projects/sandbox/Backend/src/admin/services/adminAnalytics.service.js:79:40)
    at getAdminActionAnalytics (file:///C:/Users/Pratik/Projects/sandbox/Backend/src/admin/controllers/adminAnalytics.controller.js:55:24)
    at Layer.handleRequest (C:\Users\Pratik\Projects\sandbox\Backend\node_modules\router\lib\layer.js:152:17)
    at next (C:\Users\Pratik\Projects\sandbox\Backend\node_modules\router\lib\route.js:157:13)
    at requireAdmin (file:///C:/Users/Pratik/Projects/sandbox/Backend/src/middleware/admin.middleware.js:74:5)
    at process.processTicksAndRejections (node:internal/process/task_queues:105:5)
[18:36:30] [32minfo[39m: ✅ MongoDB connected successfully
[18:36:30] [32minfo[39m: Server running on port 5000
[18:36:31] [32minfo[39m: [Request] GET /admin/analytics/admin-actions - 2025-12-23T13:06:31.121Z
[18:36:31] [32minfo[39m: ADMIN JWT SECRET:
[18:36:31] [32minfo[39m: ADMIN TOKEN:
[18:36:31] [32minfo[39m: DECODED ADMIN TOKEN:
[18:36:31] [31merror[39m: [Error] GET /admin/analytics/admin-actions - createAuditLog.aggregate is not a function
TypeError: createAuditLog.aggregate is not a function
    at computeAdminActionAnalytics (file:///C:/Users/Pratik/Projects/sandbox/Backend/src/admin/services/adminAnalytics.service.js:79:40)
    at getAdminActionAnalytics (file:///C:/Users/Pratik/Projects/sandbox/Backend/src/admin/controllers/adminAnalytics.controller.js:55:24)
    at Layer.handleRequest (C:\Users\Pratik\Projects\sandbox\Backend\node_modules\router\lib\layer.js:152:17)
    at next (C:\Users\Pratik\Projects\sandbox\Backend\node_modules\router\lib\route.js:157:13)
    at requireAdmin (file:///C:/Users/Pratik/Projects/sandbox/Backend/src/middleware/admin.middleware.js:74:5)
    at process.processTicksAndRejections (node:internal/process/task_queues:105:5)
[18:47:30] [32minfo[39m: ✅ MongoDB connected successfully
[18:47:30] [32minfo[39m: Server running on port 5000
[18:50:31] [32minfo[39m: ✅ MongoDB connected successfully
[18:50:31] [32minfo[39m: Server running on port 5000
[18:51:49] [32minfo[39m: ✅ MongoDB connected successfully
[18:51:49] [32minfo[39m: Server running on port 5000
[18:51:54] [32minfo[39m: [Request] GET /admin/analytics/admin-actions - 2025-12-23T13:21:54.914Z
[18:52:06] [32minfo[39m: [Request] POST /admin/auth/login - 2025-12-23T13:22:06.136Z
[18:52:24] [32minfo[39m: [Request] GET /admin/analytics/admin-actions - 2025-12-23T13:22:24.632Z
[18:52:24] [32minfo[39m: ADMIN JWT SECRET:
[18:52:24] [32minfo[39m: ADMIN TOKEN:
[18:52:24] [32minfo[39m: DECODED ADMIN TOKEN:
[19:15:06] [32minfo[39m: ✅ MongoDB connected successfully
[19:15:06] [32minfo[39m: Server running on port 5000
