[00:09:44] [32minfo[39m: [Request] GET /api/vendor/dashboard - 2025-12-29T18:39:44.286Z
[00:09:44] [32minfo[39m: [Request] GET /api/vendor/dashboard - 2025-12-29T18:39:44.527Z
[00:18:41] [32minfo[39m: [Request] POST /api/vendor/login - 2025-12-29T18:48:41.687Z
[12:06:27] [32minfo[39m: ✅ MongoDB connected successfully
[12:06:27] [32minfo[39m: Server running on port 5000
[12:07:53] [32minfo[39m: [Request] POST /api/vendor/login - 2025-12-30T06:37:53.100Z
[12:08:00] [32minfo[39m: [Request] POST /api/vendor/login - 2025-12-30T06:38:00.909Z
[12:50:09] [32minfo[39m: [Request] GET /api/vendor/dashboard - 2025-12-30T07:20:09.111Z
[12:50:09] [32minfo[39m: [Request] GET /api/vendor/dashboard - 2025-12-30T07:20:09.416Z
[12:50:49] [32minfo[39m: [Request] GET /api/vendor/dashboard - 2025-12-30T07:20:49.800Z
[12:50:50] [32minfo[39m: [Request] GET /api/vendor/dashboard - 2025-12-30T07:20:50.165Z
[13:00:33] [32minfo[39m: [Request] GET /api/vendor/dashboard - 2025-12-30T07:30:33.520Z
[13:00:44] [32minfo[39m: [Request] GET /api/vendor/dashboard - 2025-12-30T07:30:44.212Z
[13:00:44] [32minfo[39m: [Request] GET /api/vendor/dashboard - 2025-12-30T07:30:44.471Z
[13:01:24] [32minfo[39m: [Request] GET /api/vendor/dashboard - 2025-12-30T07:31:24.075Z
[13:01:24] [32minfo[39m: [Request] GET /api/vendor/dashboard - 2025-12-30T07:31:24.817Z
[13:04:42] [32minfo[39m: [Request] GET /api/vendor/dashboard - 2025-12-30T07:34:42.748Z
[13:04:42] [32minfo[39m: [Request] GET /api/vendor/dashboard - 2025-12-30T07:34:42.754Z
[13:04:46] [32minfo[39m: [Request] GET /api/vendor/dashboard - 2025-12-30T07:34:46.685Z
[13:04:46] [32minfo[39m: [Request] GET /api/vendor/dashboard - 2025-12-30T07:34:46.690Z
[13:04:54] [32minfo[39m: [Request] GET /api/file-access/694b98a3c6953d24f7eac224/preview-url - 2025-12-30T07:34:54.102Z
[13:04:54] [32minfo[39m: [Request] GET /api/file-access/694b98a3c6953d24f7eac224/download?token=eyJhbGciOiJIUzI1NiIsInR5cCI6IkpXVCJ9.eyJmaWxlSWQiOiI2OTRiOThhM2M2OTUzZDI0ZjdlYWMyMjQiLCJ2ZW5kb3JJZCI6IjU2ZTIyMzhiLTYwNjQtNDQxYS04YjJjLTA3YmQwYzA0MTcyMCIsInNjb3BlIjoiZmlsZS1wcmV2aWV3IiwiaWF0IjoxNzY3MDgwMDk0LCJleHAiOjE3NjcwODAzOTR9.s03C6YPr0911CU3JPz16T-u3x_rCZhxzC2ha9O9vi7Y - 2025-12-30T07:34:54.338Z
[13:05:03] [32minfo[39m: [Request] GET /api/vendor/dashboard - 2025-12-30T07:35:03.050Z
[13:05:03] [32minfo[39m: [Request] GET /api/vendor/dashboard - 2025-12-30T07:35:03.287Z
[13:05:08] [32minfo[39m: [Request] GET /api/file-access/694b989ac6953d24f7eac21e/preview-url - 2025-12-30T07:35:08.464Z
[13:05:08] [32minfo[39m: [Request] GET /api/file-access/694b989ac6953d24f7eac21e/download?token=eyJhbGciOiJIUzI1NiIsInR5cCI6IkpXVCJ9.eyJmaWxlSWQiOiI2OTRiOTg5YWM2OTUzZDI0ZjdlYWMyMWUiLCJ2ZW5kb3JJZCI6IjU2ZTIyMzhiLTYwNjQtNDQxYS04YjJjLTA3YmQwYzA0MTcyMCIsInNjb3BlIjoiZmlsZS1wcmV2aWV3IiwiaWF0IjoxNzY3MDgwMTA4LCJleHAiOjE3NjcwODA0MDh9.SC3L9b_-5hwPwluKfASDINPNqkxBxoOMYfbmmmjJQUU - 2025-12-30T07:35:08.784Z
[13:08:45] [32minfo[39m: [Request] GET /api/vendor/dashboard - 2025-12-30T07:38:45.277Z
[13:08:45] [32minfo[39m: [Request] GET /api/vendor/dashboard - 2025-12-30T07:38:45.283Z
[13:08:48] [32minfo[39m: [Request] GET /api/file-access/694b989ac6953d24f7eac21e/preview-url - 2025-12-30T07:38:48.356Z
[13:08:48] [32minfo[39m: [Request] GET /api/file-access/694b989ac6953d24f7eac21e/download?token=eyJhbGciOiJIUzI1NiIsInR5cCI6IkpXVCJ9.eyJmaWxlSWQiOiI2OTRiOTg5YWM2OTUzZDI0ZjdlYWMyMWUiLCJ2ZW5kb3JJZCI6IjU2ZTIyMzhiLTYwNjQtNDQxYS04YjJjLTA3YmQwYzA0MTcyMCIsInNjb3BlIjoiZmlsZS1wcmV2aWV3IiwiaWF0IjoxNzY3MDgwMzI4LCJleHAiOjE3NjcwODA2Mjh9.7O00CJMXL-ji3Q6chVAd7Fvg7FzqAAR_FA0s0Z3_ttk - 2025-12-30T07:38:48.625Z
[13:08:55] [32minfo[39m: [Request] GET /api/file-access/694b9892c6953d24f7eac218/preview-url - 2025-12-30T07:38:55.017Z
[13:08:55] [32minfo[39m: [Request] GET /api/file-access/694b9892c6953d24f7eac218/download?token=eyJhbGciOiJIUzI1NiIsInR5cCI6IkpXVCJ9.eyJmaWxlSWQiOiI2OTRiOTg5MmM2OTUzZDI0ZjdlYWMyMTgiLCJ2ZW5kb3JJZCI6IjU2ZTIyMzhiLTYwNjQtNDQxYS04YjJjLTA3YmQwYzA0MTcyMCIsInNjb3BlIjoiZmlsZS1wcmV2aWV3IiwiaWF0IjoxNzY3MDgwMzM1LCJleHAiOjE3NjcwODA2MzV9.yhIvSlC3WSrs3epAg3iriLU3owGoBMQ04yfGotSZYPQ - 2025-12-30T07:38:55.281Z
[13:15:46] [32minfo[39m: [Request] GET /api/vendor/dashboard - 2025-12-30T07:45:46.582Z
[13:15:46] [32minfo[39m: [Request] GET /api/vendor/dashboard - 2025-12-30T07:45:46.794Z
[13:21:17] [32minfo[39m: [Request] GET /api/vendor/dashboard - 2025-12-30T07:51:17.552Z
[13:21:17] [32minfo[39m: [Request] GET /api/vendor/dashboard - 2025-12-30T07:51:17.950Z
[13:21:20] [32minfo[39m: [Request] GET /api/file-access/undefined/preview-url - 2025-12-30T07:51:20.821Z
[13:21:20] [31merror[39m: [Error] GET /api/file-access/undefined/preview-url - Cast to ObjectId failed for value "undefined" (type string) at path "_id" for model "File"
CastError: Cast to ObjectId failed for value "undefined" (type string) at path "_id" for model "File"
    at SchemaObjectId.cast (C:\Users\Pratik\Projects\sandbox\Backend\node_modules\mongoose\lib\schema\objectId.js:253:11)
    at SchemaType.applySetters (C:\Users\Pratik\Projects\sandbox\Backend\node_modules\mongoose\lib\schemaType.js:1280:12)
    at SchemaType.castForQuery (C:\Users\Pratik\Projects\sandbox\Backend\node_modules\mongoose\lib\schemaType.js:1706:17)
    at cast (C:\Users\Pratik\Projects\sandbox\Backend\node_modules\mongoose\lib\cast.js:390:32)
    at Query.cast (C:\Users\Pratik\Projects\sandbox\Backend\node_modules\mongoose\lib\query.js:5016:12)
    at Query._castConditions (C:\Users\Pratik\Projects\sandbox\Backend\node_modules\mongoose\lib\query.js:2380:10)
    at model.Query._findOne (C:\Users\Pratik\Projects\sandbox\Backend\node_modules\mongoose\lib\query.js:2708:8)
    at model.Query.exec (C:\Users\Pratik\Projects\sandbox\Backend\node_modules\mongoose\lib\query.js:4627:80)
    at process.processTicksAndRejections (node:internal/process/task_queues:105:5)
    at async getFilePreviewUrl (file:///C:/Users/Pratik/Projects/sandbox/Backend/src/controllers/fileController.js:28:16)
[13:21:26] [32minfo[39m: [Request] GET /api/file-access/undefined/preview-url - 2025-12-30T07:51:26.043Z
[13:21:26] [31merror[39m: [Error] GET /api/file-access/undefined/preview-url - Cast to ObjectId failed for value "undefined" (type string) at path "_id" for model "File"
CastError: Cast to ObjectId failed for value "undefined" (type string) at path "_id" for model "File"
    at SchemaObjectId.cast (C:\Users\Pratik\Projects\sandbox\Backend\node_modules\mongoose\lib\schema\objectId.js:253:11)
    at SchemaType.applySetters (C:\Users\Pratik\Projects\sandbox\Backend\node_modules\mongoose\lib\schemaType.js:1280:12)
    at SchemaType.castForQuery (C:\Users\Pratik\Projects\sandbox\Backend\node_modules\mongoose\lib\schemaType.js:1706:17)
    at cast (C:\Users\Pratik\Projects\sandbox\Backend\node_modules\mongoose\lib\cast.js:390:32)
    at Query.cast (C:\Users\Pratik\Projects\sandbox\Backend\node_modules\mongoose\lib\query.js:5016:12)
    at Query._castConditions (C:\Users\Pratik\Projects\sandbox\Backend\node_modules\mongoose\lib\query.js:2380:10)
    at model.Query._findOne (C:\Users\Pratik\Projects\sandbox\Backend\node_modules\mongoose\lib\query.js:2708:8)
    at model.Query.exec (C:\Users\Pratik\Projects\sandbox\Backend\node_modules\mongoose\lib\query.js:4627:80)
    at process.processTicksAndRejections (node:internal/process/task_queues:105:5)
    at async getFilePreviewUrl (file:///C:/Users/Pratik/Projects/sandbox/Backend/src/controllers/fileController.js:28:16)
[13:21:31] [32minfo[39m: [Request] GET /api/file-access/undefined/preview-url - 2025-12-30T07:51:31.369Z
[13:21:31] [31merror[39m: [Error] GET /api/file-access/undefined/preview-url - Cast to ObjectId failed for value "undefined" (type string) at path "_id" for model "File"
CastError: Cast to ObjectId failed for value "undefined" (type string) at path "_id" for model "File"
    at SchemaObjectId.cast (C:\Users\Pratik\Projects\sandbox\Backend\node_modules\mongoose\lib\schema\objectId.js:253:11)
    at SchemaType.applySetters (C:\Users\Pratik\Projects\sandbox\Backend\node_modules\mongoose\lib\schemaType.js:1280:12)
    at SchemaType.castForQuery (C:\Users\Pratik\Projects\sandbox\Backend\node_modules\mongoose\lib\schemaType.js:1706:17)
    at cast (C:\Users\Pratik\Projects\sandbox\Backend\node_modules\mongoose\lib\cast.js:390:32)
    at Query.cast (C:\Users\Pratik\Projects\sandbox\Backend\node_modules\mongoose\lib\query.js:5016:12)
    at Query._castConditions (C:\Users\Pratik\Projects\sandbox\Backend\node_modules\mongoose\lib\query.js:2380:10)
    at model.Query._findOne (C:\Users\Pratik\Projects\sandbox\Backend\node_modules\mongoose\lib\query.js:2708:8)
    at model.Query.exec (C:\Users\Pratik\Projects\sandbox\Backend\node_modules\mongoose\lib\query.js:4627:80)
    at process.processTicksAndRejections (node:internal/process/task_queues:105:5)
    at async getFilePreviewUrl (file:///C:/Users/Pratik/Projects/sandbox/Backend/src/controllers/fileController.js:28:16)
[13:23:26] [32minfo[39m: [Request] GET /api/vendor/dashboard - 2025-12-30T07:53:26.631Z
[13:23:27] [32minfo[39m: [Request] GET /api/vendor/dashboard - 2025-12-30T07:53:27.070Z
[13:23:30] [32minfo[39m: [Request] GET /api/file-access/694b9892c6953d24f7eac218/preview-url - 2025-12-30T07:53:30.320Z
[13:23:30] [32minfo[39m: [Request] GET /api/file-access/694b9892c6953d24f7eac218/download?token=eyJhbGciOiJIUzI1NiIsInR5cCI6IkpXVCJ9.eyJmaWxlSWQiOiI2OTRiOTg5MmM2OTUzZDI0ZjdlYWMyMTgiLCJ2ZW5kb3JJZCI6IjU2ZTIyMzhiLTYwNjQtNDQxYS04YjJjLTA3YmQwYzA0MTcyMCIsInNjb3BlIjoiZmlsZS1wcmV2aWV3IiwiaWF0IjoxNzY3MDgxMjEwLCJleHAiOjE3NjcwODE1MTB9.CL0Oyg8z3hzRx7wdHvPVvImZ_guFqirYkNiB8meRe3A - 2025-12-30T07:53:30.570Z
[13:27:20] [32minfo[39m: [Request] GET /api/vendor/dashboard - 2025-12-30T07:57:20.138Z
[13:27:20] [32minfo[39m: [Request] GET /api/vendor/dashboard - 2025-12-30T07:57:20.434Z
[13:27:49] [32minfo[39m: [Request] GET /api/vendor/dashboard - 2025-12-30T07:57:49.845Z
[13:27:50] [32minfo[39m: [Request] GET /api/vendor/dashboard - 2025-12-30T07:57:50.231Z
[13:32:42] [32minfo[39m: [Request] GET /api/vendor/dashboard - 2025-12-30T08:02:42.786Z
[13:32:42] [32minfo[39m: [Request] GET /api/vendor/dashboard - 2025-12-30T08:02:42.793Z
[13:32:51] [32minfo[39m: [Request] GET /api/vendor/dashboard - 2025-12-30T08:02:51.207Z
[13:32:51] [32minfo[39m: [Request] GET /api/vendor/dashboard - 2025-12-30T08:02:51.689Z
[13:32:53] [32minfo[39m: [Request] GET /api/file-access/694b989ac6953d24f7eac21e/preview-url - 2025-12-30T08:02:53.735Z
[13:32:54] [32minfo[39m: [Request] GET /api/file-access/694b989ac6953d24f7eac21e/download?token=eyJhbGciOiJIUzI1NiIsInR5cCI6IkpXVCJ9.eyJmaWxlSWQiOiI2OTRiOTg5YWM2OTUzZDI0ZjdlYWMyMWUiLCJ2ZW5kb3JJZCI6IjU2ZTIyMzhiLTYwNjQtNDQxYS04YjJjLTA3YmQwYzA0MTcyMCIsInNjb3BlIjoiZmlsZS1wcmV2aWV3IiwiaWF0IjoxNzY3MDgxNzc0LCJleHAiOjE3NjcwODIwNzR9.3JQ7cBi7DzJ5_jBM28QhUatMo4aNK1frtrzh_Sn-0FM - 2025-12-30T08:02:54.164Z
[13:34:27] [32minfo[39m: [Request] POST /api/files/upload? - 2025-12-30T08:04:27.907Z
[13:35:05] [32minfo[39m: [Request] GET /api/vendor/dashboard - 2025-12-30T08:05:05.323Z
[13:35:05] [32minfo[39m: [Request] GET /api/vendor/dashboard - 2025-12-30T08:05:05.739Z
[13:35:34] [32minfo[39m: [Request] GET /api/vendor/dashboard - 2025-12-30T08:05:34.949Z
[13:35:35] [32minfo[39m: [Request] GET /api/vendor/dashboard - 2025-12-30T08:05:35.202Z
[13:36:20] [32minfo[39m: [Request] GET /api/file-access/69538792bb8088f0a67cb411/preview-url - 2025-12-30T08:06:20.255Z
[13:36:20] [32minfo[39m: [Request] GET /api/file-access/69538792bb8088f0a67cb411/download?token=eyJhbGciOiJIUzI1NiIsInR5cCI6IkpXVCJ9.eyJmaWxlSWQiOiI2OTUzODc5MmJiODA4OGYwYTY3Y2I0MTEiLCJ2ZW5kb3JJZCI6IjU2ZTIyMzhiLTYwNjQtNDQxYS04YjJjLTA3YmQwYzA0MTcyMCIsInNjb3BlIjoiZmlsZS1wcmV2aWV3IiwiaWF0IjoxNzY3MDgxOTgwLCJleHAiOjE3NjcwODIyODB9.WK83bupjrT2-TgsQ31w7OruwgnU1D_3z12XBbgDtHOY - 2025-12-30T08:06:20.506Z
[13:36:44] [32minfo[39m: [Request] GET /api/file-access/69538795bb8088f0a67cb41a/preview-url - 2025-12-30T08:06:44.046Z
[13:36:44] [32minfo[39m: [Request] GET /api/file-access/69538795bb8088f0a67cb41a/download?token=eyJhbGciOiJIUzI1NiIsInR5cCI6IkpXVCJ9.eyJmaWxlSWQiOiI2OTUzODc5NWJiODA4OGYwYTY3Y2I0MWEiLCJ2ZW5kb3JJZCI6IjU2ZTIyMzhiLTYwNjQtNDQxYS04YjJjLTA3YmQwYzA0MTcyMCIsInNjb3BlIjoiZmlsZS1wcmV2aWV3IiwiaWF0IjoxNzY3MDgyMDA0LCJleHAiOjE3NjcwODIzMDR9.MS7zYf9wxHIRfyJqQ7cIswej6ljenTQCgALUeEynuzk - 2025-12-30T08:06:44.361Z
[13:49:03] [32minfo[39m: [Request] GET /api/vendor/dashboard - 2025-12-30T08:19:03.755Z
[13:49:04] [32minfo[39m: [Request] GET /api/vendor/dashboard - 2025-12-30T08:19:04.157Z
[13:49:05] [32minfo[39m: [Request] PATCH /api/vendor/files/undefined/printed - 2025-12-30T08:19:05.953Z
[13:49:18] [32minfo[39m: [Request] GET /api/vendor/dashboard - 2025-12-30T08:19:18.971Z
[13:49:19] [32minfo[39m: [Request] GET /api/vendor/dashboard - 2025-12-30T08:19:19.415Z
[13:49:21] [32minfo[39m: [Request] PATCH /api/vendor/files/undefined/printed - 2025-12-30T08:19:21.351Z
[13:53:34] [32minfo[39m: [Request] GET /api/vendor/dashboard - 2025-12-30T08:23:34.318Z
[13:53:34] [32minfo[39m: [Request] GET /api/vendor/dashboard - 2025-12-30T08:23:34.323Z
[13:53:36] [32minfo[39m: [Request] PATCH /api/vendor/files/69538795bb8088f0a67cb41a/printed - 2025-12-30T08:23:36.565Z
[13:53:36] [31merror[39m: ReferenceError: AuditLog is not defined
    at markFilesAsPrinted (file:///C:/Users/Pratik/Projects/sandbox/Backend/src/controllers/vendorController.js:198:5)
    at process.processTicksAndRejections (node:internal/process/task_queues:105:5)
[13:53:41] [32minfo[39m: [Request] PATCH /api/vendor/files/69538795bb8088f0a67cb41a/printed - 2025-12-30T08:23:41.525Z
[13:53:41] [31merror[39m: ReferenceError: AuditLog is not defined
    at markFilesAsPrinted (file:///C:/Users/Pratik/Projects/sandbox/Backend/src/controllers/vendorController.js:198:5)
    at process.processTicksAndRejections (node:internal/process/task_queues:105:5)
[13:53:46] [32minfo[39m: [Request] GET /api/vendor/dashboard - 2025-12-30T08:23:46.333Z
[13:53:46] [32minfo[39m: [Request] GET /api/vendor/dashboard - 2025-12-30T08:23:46.340Z
[13:53:57] [32minfo[39m: [Request] GET /api/vendor/dashboard - 2025-12-30T08:23:57.913Z
[13:53:57] [32minfo[39m: [Request] GET /api/vendor/dashboard - 2025-12-30T08:23:57.918Z
[13:54:09] [32minfo[39m: [Request] GET /api/vendor/dashboard - 2025-12-30T08:24:09.810Z
[13:54:09] [32minfo[39m: [Request] GET /api/vendor/dashboard - 2025-12-30T08:24:09.814Z
[13:54:20] [32minfo[39m: [Request] PATCH /api/vendor/files/undefined/printed - 2025-12-30T08:24:20.057Z
[13:54:25] [32minfo[39m: [Request] GET /api/vendor/dashboard - 2025-12-30T08:24:25.901Z
[13:54:25] [32minfo[39m: [Request] GET /api/vendor/dashboard - 2025-12-30T08:24:25.907Z
[13:54:28] [32minfo[39m: [Request] GET /api/vendor/dashboard - 2025-12-30T08:24:28.827Z
[13:54:28] [32minfo[39m: [Request] GET /api/vendor/dashboard - 2025-12-30T08:24:28.833Z
[13:54:30] [32minfo[39m: [Request] PATCH /api/vendor/files/undefined/printed - 2025-12-30T08:24:30.694Z
[13:54:34] [32minfo[39m: [Request] GET /api/vendor/dashboard - 2025-12-30T08:24:34.197Z
[13:54:34] [32minfo[39m: [Request] GET /api/vendor/dashboard - 2025-12-30T08:24:34.201Z
[13:54:40] [32minfo[39m: [Request] GET /api/vendor/dashboard - 2025-12-30T08:24:40.512Z
[13:54:40] [32minfo[39m: [Request] GET /api/vendor/dashboard - 2025-12-30T08:24:40.979Z
[13:54:42] [32minfo[39m: [Request] PATCH /api/vendor/files/undefined/printed - 2025-12-30T08:24:42.584Z
[13:54:46] [32minfo[39m: [Request] PATCH /api/vendor/files/undefined/printed - 2025-12-30T08:24:46.927Z
[13:54:50] [32minfo[39m: [Request] GET /api/vendor/dashboard - 2025-12-30T08:24:50.921Z
[13:54:51] [32minfo[39m: [Request] GET /api/vendor/dashboard - 2025-12-30T08:24:51.288Z
[13:54:56] [32minfo[39m: [Request] GET /api/vendor/dashboard - 2025-12-30T08:24:56.086Z
[13:54:56] [32minfo[39m: [Request] GET /api/vendor/dashboard - 2025-12-30T08:24:56.517Z
[14:04:05] [32minfo[39m: [Request] GET /api/vendor/dashboard - 2025-12-30T08:34:05.557Z
[14:04:05] [32minfo[39m: [Request] GET /api/vendor/dashboard - 2025-12-30T08:34:05.563Z
[14:04:08] [32minfo[39m: [Request] PATCH /api/vendor/files/69538794bb8088f0a67cb417/printed - 2025-12-30T08:34:08.544Z
[14:04:08] [31merror[39m: ReferenceError: AuditLog is not defined
    at markFilesAsPrinted (file:///C:/Users/Pratik/Projects/sandbox/Backend/src/controllers/vendorController.js:198:5)
    at process.processTicksAndRejections (node:internal/process/task_queues:105:5)
[14:04:12] [32minfo[39m: [Request] PATCH /api/vendor/files/69538793bb8088f0a67cb414/printed - 2025-12-30T08:34:12.430Z
[14:04:12] [31merror[39m: ReferenceError: AuditLog is not defined
    at markFilesAsPrinted (file:///C:/Users/Pratik/Projects/sandbox/Backend/src/controllers/vendorController.js:198:5)
    at process.processTicksAndRejections (node:internal/process/task_queues:105:5)
[14:04:20] [32minfo[39m: [Request] GET /api/vendor/dashboard - 2025-12-30T08:34:20.226Z
[14:04:20] [32minfo[39m: [Request] GET /api/vendor/dashboard - 2025-12-30T08:34:20.827Z
[14:04:24] [32minfo[39m: [Request] GET /api/vendor/dashboard - 2025-12-30T08:34:24.037Z
[14:04:24] [32minfo[39m: [Request] GET /api/vendor/dashboard - 2025-12-30T08:34:24.411Z
[14:04:25] [32minfo[39m: [Request] PATCH /api/vendor/files/69538792bb8088f0a67cb411/printed - 2025-12-30T08:34:25.995Z
[14:04:26] [31merror[39m: ReferenceError: AuditLog is not defined
    at markFilesAsPrinted (file:///C:/Users/Pratik/Projects/sandbox/Backend/src/controllers/vendorController.js:198:5)
    at process.processTicksAndRejections (node:internal/process/task_queues:105:5)
[14:04:30] [32minfo[39m: [Request] GET /api/vendor/dashboard - 2025-12-30T08:34:30.523Z
[14:04:32] [32minfo[39m: [Request] GET /api/vendor/dashboard - 2025-12-30T08:34:32.291Z
[14:04:41] [32minfo[39m: [Request] PATCH /api/vendor/files/69538792bb8088f0a67cb40e/printed - 2025-12-30T08:34:41.892Z
[14:04:42] [31merror[39m: ReferenceError: AuditLog is not defined
    at markFilesAsPrinted (file:///C:/Users/Pratik/Projects/sandbox/Backend/src/controllers/vendorController.js:198:5)
    at process.processTicksAndRejections (node:internal/process/task_queues:105:5)
[14:04:52] [32minfo[39m: [Request] GET /api/vendor/dashboard - 2025-12-30T08:34:52.494Z
[14:04:53] [32minfo[39m: [Request] GET /api/vendor/dashboard - 2025-12-30T08:34:53.084Z
[14:08:41] [32minfo[39m: [Request] GET /api/vendor/dashboard - 2025-12-30T08:38:41.640Z
[14:08:42] [32minfo[39m: [Request] GET /api/vendor/dashboard - 2025-12-30T08:38:42.151Z
[14:08:44] [32minfo[39m: [Request] PATCH /api/vendor/files/69538791bb8088f0a67cb40b/printed - 2025-12-30T08:38:44.146Z
[14:08:44] [31merror[39m: ReferenceError: AuditLog is not defined
    at markFilesAsPrinted (file:///C:/Users/Pratik/Projects/sandbox/Backend/src/controllers/vendorController.js:198:5)
    at process.processTicksAndRejections (node:internal/process/task_queues:105:5)
[14:08:50] [32minfo[39m: [Request] GET /api/vendor/dashboard - 2025-12-30T08:38:50.766Z
[14:08:51] [32minfo[39m: [Request] GET /api/vendor/dashboard - 2025-12-30T08:38:51.153Z
[14:09:25] [32minfo[39m: [Request] GET /api/vendor/dashboard - 2025-12-30T08:39:25.600Z
[14:09:25] [32minfo[39m: [Request] GET /api/vendor/dashboard - 2025-12-30T08:39:25.963Z
[14:09:29] [32minfo[39m: [Request] PATCH /api/vendor/files/69538790bb8088f0a67cb408/printed - 2025-12-30T08:39:29.330Z
[14:09:29] [31merror[39m: ReferenceError: AuditLog is not defined
    at markFilesAsPrinted (file:///C:/Users/Pratik/Projects/sandbox/Backend/src/controllers/vendorController.js:198:5)
    at process.processTicksAndRejections (node:internal/process/task_queues:105:5)
[14:12:03] [32minfo[39m: ✅ MongoDB connected successfully
[14:12:03] [32minfo[39m: Server running on port 5000
[14:12:03] [32minfo[39m: [Request] GET /api/vendor/dashboard - 2025-12-30T08:42:03.984Z
[14:12:08] [32minfo[39m: [Request] GET /api/vendor/dashboard - 2025-12-30T08:42:08.584Z
[14:12:12] [32minfo[39m: [Request] PATCH /api/vendor/files/6953878fbb8088f0a67cb405/printed - 2025-12-30T08:42:12.152Z
[14:12:12] [31merror[39m: ReferenceError: AuditLog is not defined
    at markFilesAsPrinted (file:///C:/Users/Pratik/Projects/sandbox/Backend/src/controllers/vendorController.js:198:5)
    at process.processTicksAndRejections (node:internal/process/task_queues:105:5)
[14:20:53] [32minfo[39m: ✅ MongoDB connected successfully
[14:20:53] [32minfo[39m: Server running on port 5000
[14:21:06] [32minfo[39m: ✅ MongoDB connected successfully
[14:21:06] [32minfo[39m: Server running on port 5000
[14:21:12] [32minfo[39m: [Request] GET /api/vendor/dashboard - 2025-12-30T08:51:12.128Z
[14:21:12] [32minfo[39m: [Request] GET /api/vendor/dashboard - 2025-12-30T08:51:12.628Z
[14:21:15] [32minfo[39m: [Request] PATCH /api/vendor/files/6953878dbb8088f0a67cb402/printed - 2025-12-30T08:51:15.369Z
[14:23:35] [32minfo[39m: [Request] GET /api/vendor/dashboard - 2025-12-30T08:53:35.664Z
[14:23:36] [32minfo[39m: [Request] GET /api/vendor/dashboard - 2025-12-30T08:53:36.065Z
[14:23:42] [32minfo[39m: [Request] PATCH /api/vendor/files/6953878cbb8088f0a67cb3ff/printed - 2025-12-30T08:53:42.883Z
[14:23:48] [32minfo[39m: [Request] GET /api/vendor/dashboard - 2025-12-30T08:53:48.015Z
[14:23:48] [32minfo[39m: [Request] GET /api/vendor/dashboard - 2025-12-30T08:53:48.563Z
[14:31:24] [32minfo[39m: [Request] GET /api/vendor/dashboard - 2025-12-30T09:01:24.324Z
[14:31:24] [32minfo[39m: [Request] GET /api/vendor/dashboard - 2025-12-30T09:01:24.330Z
[14:32:48] [32minfo[39m: [Request] GET /api/vendor/dashboard - 2025-12-30T09:02:48.212Z
[14:32:48] [32minfo[39m: [Request] GET /api/vendor/dashboard - 2025-12-30T09:02:48.220Z
[14:32:53] [32minfo[39m: [Request] GET /api/vendor/dashboard - 2025-12-30T09:02:53.378Z
[14:32:53] [32minfo[39m: [Request] GET /api/vendor/dashboard - 2025-12-30T09:02:53.720Z
[14:33:00] [32minfo[39m: [Request] GET /api/vendor/dashboard - 2025-12-30T09:03:00.867Z
[14:33:01] [32minfo[39m: [Request] GET /api/vendor/dashboard - 2025-12-30T09:03:01.300Z
[14:37:00] [32minfo[39m: [Request] GET /api/vendor/dashboard - 2025-12-30T09:07:00.350Z
[14:37:00] [32minfo[39m: [Request] GET /api/vendor/dashboard - 2025-12-30T09:07:00.357Z
[14:37:14] [32minfo[39m: [Request] GET /api/vendor/dashboard - 2025-12-30T09:07:14.822Z
[14:37:15] [32minfo[39m: [Request] GET /api/vendor/dashboard - 2025-12-30T09:07:15.339Z
[14:42:20] [32minfo[39m: [Request] GET /api/qr/e0d6b1da-7e0d-4920-b65e-c5d5dbd7ab3c - 2025-12-30T09:12:20.557Z
[14:42:20] [32minfo[39m: [Request] GET /favicon.ico - 2025-12-30T09:12:20.687Z
[14:42:32] [32minfo[39m: [Request] GET /api/qr/e0d6b1da-7e0d-4920-b65e-c5d5dbd7ab3c - 2025-12-30T09:12:32.979Z
[14:42:33] [32minfo[39m: [Request] GET /api/qr/e0d6b1da-7e0d-4920-b65e-c5d5dbd7ab3c - 2025-12-30T09:12:33.347Z
[14:42:39] [32minfo[39m: [Request] GET /api/vendor/dashboard - 2025-12-30T09:12:39.149Z
[14:42:39] [32minfo[39m: [Request] GET /api/vendor/dashboard - 2025-12-30T09:12:39.851Z
[14:42:39] [32minfo[39m: [Request] GET /api/qr/e0d6b1da-7e0d-4920-b65e-c5d5dbd7ab3c - 2025-12-30T09:12:39.879Z
[14:42:52] [32minfo[39m: [Request] GET /api/vendor/dashboard - 2025-12-30T09:12:52.767Z
[14:42:53] [32minfo[39m: [Request] GET /api/vendor/dashboard - 2025-12-30T09:12:53.261Z
[14:42:53] [32minfo[39m: [Request] GET /api/qr/e0d6b1da-7e0d-4920-b65e-c5d5dbd7ab3c - 2025-12-30T09:12:53.286Z
[14:43:23] [32minfo[39m: [Request] GET /api/qr/e0d6b1da-7e0d-4920-b65e-c5d5dbd7ab3c - 2025-12-30T09:13:23.070Z
[14:43:23] [32minfo[39m: [Request] GET /favicon.ico - 2025-12-30T09:13:23.146Z
[14:47:38] [32minfo[39m: ✅ MongoDB connected successfully
[14:47:38] [32minfo[39m: Server running on port 5000
[14:50:33] [32minfo[39m: [Request] GET /api/qr/e0d6b1da-7e0d-4920-b65e-c5d5dbd7ab3c - 2025-12-30T09:20:33.479Z
[14:50:33] [32minfo[39m: [Request] GET /favicon.ico - 2025-12-30T09:20:33.808Z
[14:50:38] [32minfo[39m: [Request] GET /api/qr/e0d6b1da-7e0d-4920-b65e-c5d5dbd7ab3c - 2025-12-30T09:20:38.924Z
[14:50:39] [32minfo[39m: [Request] GET /favicon.ico - 2025-12-30T09:20:39.362Z
[14:50:42] [32minfo[39m: [Request] GET /api/vendor/dashboard - 2025-12-30T09:20:42.192Z
[14:50:42] [32minfo[39m: [Request] GET /api/vendor/dashboard - 2025-12-30T09:20:42.556Z
[14:50:45] [32minfo[39m: [Request] GET /api/vendor/dashboard - 2025-12-30T09:20:45.257Z
[14:50:45] [32minfo[39m: [Request] GET /api/vendor/dashboard - 2025-12-30T09:20:45.266Z
[14:50:45] [32minfo[39m: [Request] GET /api/qr/e0d6b1da-7e0d-4920-b65e-c5d5dbd7ab3c - 2025-12-30T09:20:45.641Z
[14:53:56] [32minfo[39m: ✅ MongoDB connected successfully
[14:53:56] [32minfo[39m: Server running on port 5000
[14:54:02] [32minfo[39m: ✅ MongoDB connected successfully
[14:54:02] [32minfo[39m: Server running on port 5000
[14:54:29] [32minfo[39m: ✅ MongoDB connected successfully
[14:54:29] [32minfo[39m: Server running on port 5000
[14:54:34] [32minfo[39m: [Request] GET /api/vendor/dashboard - 2025-12-30T09:24:34.933Z
[14:54:34] [32minfo[39m: [Request] GET /api/vendor/dashboard - 2025-12-30T09:24:34.957Z
[14:54:35] [32minfo[39m: [Request] GET /api/qr/e0d6b1da-7e0d-4920-b65e-c5d5dbd7ab3c - 2025-12-30T09:24:35.323Z
[14:54:40] [32minfo[39m: [Request] GET /api/vendor/dashboard - 2025-12-30T09:24:40.560Z
[14:54:40] [32minfo[39m: [Request] GET /api/vendor/dashboard - 2025-12-30T09:24:40.567Z
[14:54:40] [32minfo[39m: [Request] GET /api/qr/e0d6b1da-7e0d-4920-b65e-c5d5dbd7ab3c - 2025-12-30T09:24:40.821Z
[14:54:48] [32minfo[39m: [Request] GET /api/qr/e0d6b1da-7e0d-4920-b65e-c5d5dbd7ab3c - 2025-12-30T09:24:48.318Z
[14:54:48] [32minfo[39m: [Request] GET /favicon.ico - 2025-12-30T09:24:48.594Z
[14:57:14] [32minfo[39m: ✅ MongoDB connected successfully
[14:57:14] [32minfo[39m: Server running on port 5000
[14:57:23] [32minfo[39m: [Request] GET /api/vendor/dashboard - 2025-12-30T09:27:23.956Z
[14:57:23] [32minfo[39m: [Request] GET /api/vendor/dashboard - 2025-12-30T09:27:23.997Z
[14:57:24] [32minfo[39m: [Request] GET /api/qr/e0d6b1da-7e0d-4920-b65e-c5d5dbd7ab3c - 2025-12-30T09:27:24.483Z
[14:57:28] [32minfo[39m: [Request] GET /api/qr/e0d6b1da-7e0d-4920-b65e-c5d5dbd7ab3c - 2025-12-30T09:27:28.062Z
[14:57:28] [32minfo[39m: [Request] GET /favicon.ico - 2025-12-30T09:27:28.300Z
[15:06:16] [32minfo[39m: [Request] GET /api/vendor/dashboard - 2025-12-30T09:36:16.933Z
[15:06:17] [32minfo[39m: [Request] GET /api/vendor/dashboard - 2025-12-30T09:36:17.791Z
[15:06:21] [32minfo[39m: [Request] GET /api/vendor/dashboard - 2025-12-30T09:36:21.661Z
[15:06:21] [32minfo[39m: [Request] GET /api/vendor/dashboard - 2025-12-30T09:36:21.668Z
[15:06:27] [32minfo[39m: [Request] GET /api/vendor/dashboard - 2025-12-30T09:36:27.782Z
[15:06:27] [32minfo[39m: [Request] GET /api/vendor/dashboard - 2025-12-30T09:36:27.787Z
[15:06:42] [32minfo[39m: [Request] GET /api/vendor/dashboard - 2025-12-30T09:36:42.817Z
[15:06:42] [32minfo[39m: [Request] GET /api/vendor/dashboard - 2025-12-30T09:36:42.822Z
[15:07:12] [32minfo[39m: [Request] GET /api/vendor/dashboard - 2025-12-30T09:37:12.645Z
[15:07:13] [32minfo[39m: [Request] GET /api/vendor/dashboard - 2025-12-30T09:37:13.131Z
[15:08:02] [32minfo[39m: [Request] GET /api/vendor/dashboard - 2025-12-30T09:38:02.950Z
[15:08:03] [32minfo[39m: [Request] GET /api/vendor/dashboard - 2025-12-30T09:38:03.200Z
[15:08:03] [32minfo[39m: [Request] GET /api/qr/56e2238b-6064-441a-8b2c-07bd0c041720 - 2025-12-30T09:38:03.216Z
[15:08:03] [32minfo[39m: [Request] GET /api/qr/56e2238b-6064-441a-8b2c-07bd0c041720 - 2025-12-30T09:38:03.433Z
[15:08:05] [32minfo[39m: [Request] GET /api/vendor/dashboard - 2025-12-30T09:38:05.623Z
[15:08:05] [32minfo[39m: [Request] GET /api/vendor/dashboard - 2025-12-30T09:38:05.627Z
[15:08:05] [32minfo[39m: [Request] GET /api/qr/56e2238b-6064-441a-8b2c-07bd0c041720 - 2025-12-30T09:38:05.985Z
[15:08:05] [32minfo[39m: [Request] GET /api/qr/56e2238b-6064-441a-8b2c-07bd0c041720 - 2025-12-30T09:38:05.992Z
[15:08:20] [32minfo[39m: ✅ MongoDB connected successfully
[15:08:20] [32minfo[39m: Server running on port 5000
[15:08:25] [32minfo[39m: [Request] GET /api/vendor/dashboard - 2025-12-30T09:38:25.329Z
[15:08:25] [32minfo[39m: [Request] GET /api/vendor/dashboard - 2025-12-30T09:38:25.747Z
[15:08:25] [32minfo[39m: [Request] GET /api/qr/56e2238b-6064-441a-8b2c-07bd0c041720 - 2025-12-30T09:38:25.758Z
[15:08:26] [32minfo[39m: [Request] GET /api/qr/56e2238b-6064-441a-8b2c-07bd0c041720 - 2025-12-30T09:38:26.153Z
[15:14:56] [32minfo[39m: [Request] GET /api/vendor/dashboard - 2025-12-30T09:44:56.424Z
[15:14:56] [32minfo[39m: [Request] GET /api/vendor/dashboard - 2025-12-30T09:44:56.431Z
[15:14:56] [32minfo[39m: [Request] GET /api/qr/56e2238b-6064-441a-8b2c-07bd0c041720 - 2025-12-30T09:44:56.798Z
[15:14:56] [32minfo[39m: [Request] GET /api/qr/56e2238b-6064-441a-8b2c-07bd0c041720 - 2025-12-30T09:44:56.803Z
[15:15:10] [32minfo[39m: [Request] GET /api/vendor/dashboard - 2025-12-30T09:45:10.326Z
[15:15:10] [32minfo[39m: [Request] GET /api/vendor/dashboard - 2025-12-30T09:45:10.718Z
[15:15:10] [32minfo[39m: [Request] GET /api/qr/56e2238b-6064-441a-8b2c-07bd0c041720 - 2025-12-30T09:45:10.728Z
[15:15:11] [32minfo[39m: [Request] GET /api/qr/56e2238b-6064-441a-8b2c-07bd0c041720 - 2025-12-30T09:45:11.036Z
[15:15:20] [32minfo[39m: [Request] GET /api/qr/e0d6b1da-7e0d-4920-b65e-c5d5dbd7ab3c - 2025-12-30T09:45:20.446Z
[15:15:20] [32minfo[39m: [Request] GET /.well-known/appspecific/com.chrome.devtools.json - 2025-12-30T09:45:20.780Z
[15:15:20] [32minfo[39m: [Request] GET /favicon.ico - 2025-12-30T09:45:20.840Z
[15:18:19] [32minfo[39m: [Request] GET /api/vendor/dashboard - 2025-12-30T09:48:19.509Z
[15:18:20] [32minfo[39m: [Request] GET /api/qr/56e2238b-6064-441a-8b2c-07bd0c041720 - 2025-12-30T09:48:20.031Z
[15:18:23] [32minfo[39m: [Request] GET /api/vendor/dashboard - 2025-12-30T09:48:23.403Z
[15:18:23] [32minfo[39m: [Request] GET /api/vendor/dashboard - 2025-12-30T09:48:23.410Z
[15:18:24] [32minfo[39m: [Request] GET /api/qr/56e2238b-6064-441a-8b2c-07bd0c041720 - 2025-12-30T09:48:24.260Z
[15:18:24] [32minfo[39m: [Request] GET /api/qr/56e2238b-6064-441a-8b2c-07bd0c041720 - 2025-12-30T09:48:24.695Z
[15:20:29] [32minfo[39m: [Request] GET /api/vendor/dashboard - 2025-12-30T09:50:29.131Z
[15:20:29] [32minfo[39m: [Request] GET /api/vendor/dashboard - 2025-12-30T09:50:29.575Z
[15:20:29] [32minfo[39m: [Request] GET /api/qr/56e2238b-6064-441a-8b2c-07bd0c041720 - 2025-12-30T09:50:29.584Z
[15:20:29] [32minfo[39m: [Request] GET /api/qr/56e2238b-6064-441a-8b2c-07bd0c041720 - 2025-12-30T09:50:29.893Z
[15:20:34] [32minfo[39m: [Request] GET /api/vendor/dashboard - 2025-12-30T09:50:34.626Z
[15:20:34] [32minfo[39m: [Request] GET /api/vendor/dashboard - 2025-12-30T09:50:34.632Z
[15:20:35] [32minfo[39m: [Request] GET /api/qr/56e2238b-6064-441a-8b2c-07bd0c041720 - 2025-12-30T09:50:35.013Z
[15:20:35] [32minfo[39m: [Request] GET /api/qr/56e2238b-6064-441a-8b2c-07bd0c041720 - 2025-12-30T09:50:35.018Z
[15:24:28] [32minfo[39m: [Request] GET /api/vendor/dashboard - 2025-12-30T09:54:28.233Z
[15:24:28] [32minfo[39m: [Request] GET /api/vendor/dashboard - 2025-12-30T09:54:28.475Z
[15:24:28] [32minfo[39m: [Request] GET /api/qr/56e2238b-6064-441a-8b2c-07bd0c041720 - 2025-12-30T09:54:28.483Z
[15:24:28] [32minfo[39m: [Request] GET /api/qr/56e2238b-6064-441a-8b2c-07bd0c041720 - 2025-12-30T09:54:28.716Z
[15:24:34] [32minfo[39m: [Request] GET /api/vendor/dashboard - 2025-12-30T09:54:34.464Z
[15:24:34] [32minfo[39m: [Request] GET /api/vendor/dashboard - 2025-12-30T09:54:34.925Z
[15:24:34] [32minfo[39m: [Request] GET /api/qr/56e2238b-6064-441a-8b2c-07bd0c041720 - 2025-12-30T09:54:34.933Z
[15:24:35] [32minfo[39m: [Request] GET /api/qr/56e2238b-6064-441a-8b2c-07bd0c041720 - 2025-12-30T09:54:35.348Z
[15:24:36] [32minfo[39m: [Request] GET /api/vendor/dashboard - 2025-12-30T09:54:36.938Z
[15:24:37] [32minfo[39m: [Request] GET /api/vendor/dashboard - 2025-12-30T09:54:37.189Z
[15:24:37] [32minfo[39m: [Request] GET /api/qr/56e2238b-6064-441a-8b2c-07bd0c041720 - 2025-12-30T09:54:37.195Z
[15:24:37] [32minfo[39m: [Request] GET /api/qr/56e2238b-6064-441a-8b2c-07bd0c041720 - 2025-12-30T09:54:37.490Z
[15:47:53] [32minfo[39m: [Request] GET /api/vendor/dashboard - 2025-12-30T10:17:53.952Z
[15:47:54] [32minfo[39m: [Request] GET /api/vendor/dashboard - 2025-12-30T10:17:54.194Z
[15:47:54] [32minfo[39m: [Request] GET /api/vendor/dashboard - 2025-12-30T10:17:54.365Z
[15:47:54] [32minfo[39m: [Request] GET /api/vendor/dashboard - 2025-12-30T10:17:54.599Z
[15:47:57] [32minfo[39m: [Request] GET /api/vendor/dashboard - 2025-12-30T10:17:57.588Z
[15:47:57] [32minfo[39m: [Request] GET /api/vendor/dashboard - 2025-12-30T10:17:57.593Z
[15:49:01] [32minfo[39m: [Request] GET /api/vendor/qr/download - 2025-12-30T10:19:01.255Z
[15:49:01] [32minfo[39m: [Request] GET /favicon.ico - 2025-12-30T10:19:01.431Z
