[13:05:29] [32minfo[39m: ✅ MongoDB connected successfully
[13:05:29] [32minfo[39m: Server running on port 5000
[13:05:55] [32minfo[39m: [Request] GET /api/vendor/dashboard - 2025-12-24T07:35:55.257Z
[13:05:55] [32minfo[39m: [Request] GET /api/vendor/dashboard - 2025-12-24T07:35:55.493Z
[13:06:13] [32minfo[39m: [Request] GET /api/vendor/dashboard - 2025-12-24T07:36:13.981Z
[13:06:14] [32minfo[39m: [Request] GET /api/vendor/dashboard - 2025-12-24T07:36:14.256Z
[13:06:21] [32minfo[39m: [Request] POST /api/vendor/login - 2025-12-24T07:36:21.128Z
[13:06:21] [32minfo[39m: [Request] GET /api/vendor/dashboard - 2025-12-24T07:36:21.425Z
[13:06:21] [32minfo[39m: [Request] GET /api/vendor/dashboard - 2025-12-24T07:36:21.630Z
[13:07:26] [32minfo[39m: [Request] PATCH /api/vendor/files/6948fc3f420b904e852e1cb9/printed - 2025-12-24T07:37:26.579Z
[13:07:26] [31merror[39m: ReferenceError: AuditLog is not defined
    at markFilesAsPrinted (file:///C:/Users/Pratik/Projects/sandbox/Backend/src/controllers/vendorController.js:198:5)
    at process.processTicksAndRejections (node:internal/process/task_queues:105:5)
[13:07:29] [32minfo[39m: [Request] GET /api/vendor/dashboard - 2025-12-24T07:37:29.970Z
[13:07:30] [32minfo[39m: [Request] GET /api/vendor/dashboard - 2025-12-24T07:37:30.189Z
[13:07:35] [32minfo[39m: [Request] PATCH /api/vendor/files/6948fc38420b904e852e1cb6/printed - 2025-12-24T07:37:35.250Z
[13:07:35] [31merror[39m: ReferenceError: AuditLog is not defined
    at markFilesAsPrinted (file:///C:/Users/Pratik/Projects/sandbox/Backend/src/controllers/vendorController.js:198:5)
    at process.processTicksAndRejections (node:internal/process/task_queues:105:5)
[13:07:39] [32minfo[39m: [Request] GET /api/vendor/dashboard - 2025-12-24T07:37:39.491Z
[13:07:39] [32minfo[39m: [Request] GET /api/vendor/dashboard - 2025-12-24T07:37:39.723Z
[13:08:58] [32minfo[39m: [Request] POST /api/files/upload? - 2025-12-24T07:38:58.468Z
[13:09:26] [32minfo[39m: [Request] PATCH /api/vendor/files/694b98a3c6953d24f7eac22a/printed - 2025-12-24T07:39:26.084Z
[13:09:26] [31merror[39m: ReferenceError: AuditLog is not defined
    at markFilesAsPrinted (file:///C:/Users/Pratik/Projects/sandbox/Backend/src/controllers/vendorController.js:198:5)
    at process.processTicksAndRejections (node:internal/process/task_queues:105:5)
[13:09:30] [32minfo[39m: [Request] PATCH /api/vendor/files/694b98a3c6953d24f7eac22a/printed - 2025-12-24T07:39:30.817Z
[13:09:32] [31merror[39m: ReferenceError: AuditLog is not defined
    at markFilesAsPrinted (file:///C:/Users/Pratik/Projects/sandbox/Backend/src/controllers/vendorController.js:198:5)
    at process.processTicksAndRejections (node:internal/process/task_queues:105:5)
[13:09:35] [32minfo[39m: [Request] PATCH /api/vendor/files/694b98a3c6953d24f7eac22a/printed - 2025-12-24T07:39:35.402Z
[13:09:36] [31merror[39m: ReferenceError: AuditLog is not defined
    at markFilesAsPrinted (file:///C:/Users/Pratik/Projects/sandbox/Backend/src/controllers/vendorController.js:198:5)
    at process.processTicksAndRejections (node:internal/process/task_queues:105:5)
[13:09:40] [32minfo[39m: [Request] GET /api/vendor/dashboard - 2025-12-24T07:39:40.417Z
[13:09:41] [32minfo[39m: [Request] GET /api/vendor/dashboard - 2025-12-24T07:39:41.793Z
[13:10:14] [32minfo[39m: [Request] PATCH /api/vendor/files/694b98a3c6953d24f7eac228/printed - 2025-12-24T07:40:14.938Z
[13:10:15] [31merror[39m: ReferenceError: AuditLog is not defined
    at markFilesAsPrinted (file:///C:/Users/Pratik/Projects/sandbox/Backend/src/controllers/vendorController.js:198:5)
    at process.processTicksAndRejections (node:internal/process/task_queues:105:5)
[13:10:19] [32minfo[39m: [Request] GET /api/vendor/dashboard - 2025-12-24T07:40:19.031Z
[13:10:19] [32minfo[39m: [Request] GET /api/vendor/dashboard - 2025-12-24T07:40:19.277Z
[13:10:27] [32minfo[39m: [Request] PATCH /api/vendor/files/694b989dc6953d24f7eac221/printed - 2025-12-24T07:40:27.692Z
[13:10:27] [31merror[39m: ReferenceError: AuditLog is not defined
    at markFilesAsPrinted (file:///C:/Users/Pratik/Projects/sandbox/Backend/src/controllers/vendorController.js:198:5)
    at process.processTicksAndRejections (node:internal/process/task_queues:105:5)
[13:10:31] [32minfo[39m: [Request] GET /api/vendor/dashboard - 2025-12-24T07:40:31.658Z
[13:10:31] [32minfo[39m: [Request] GET /api/vendor/dashboard - 2025-12-24T07:40:31.877Z
[13:11:53] [32minfo[39m: [Request] POST /api/vendor/login - 2025-12-24T07:41:53.206Z
[13:11:53] [32minfo[39m: [Request] GET /api/vendor/dashboard - 2025-12-24T07:41:53.473Z
[13:11:53] [32minfo[39m: [Request] GET /api/vendor/dashboard - 2025-12-24T07:41:53.722Z
[13:14:13] [32minfo[39m: [Request] PATCH /api/vendor/files/bulk-print - 2025-12-24T07:44:13.029Z
[13:14:13] [31merror[39m: ReferenceError: AuditLog is not defined
    at bulkMarkAsPrinted (file:///C:/Users/Pratik/Projects/sandbox/Backend/src/controllers/vendorController.js:258:7)
    at process.processTicksAndRejections (node:internal/process/task_queues:105:5)
[13:14:18] [32minfo[39m: [Request] GET /api/vendor/dashboard - 2025-12-24T07:44:18.231Z
[13:14:18] [32minfo[39m: [Request] GET /api/vendor/dashboard - 2025-12-24T07:44:18.471Z
[13:14:25] [32minfo[39m: [Request] PATCH /api/vendor/files/bulk-print - 2025-12-24T07:44:25.451Z
[13:14:25] [31merror[39m: ReferenceError: AuditLog is not defined
    at bulkMarkAsPrinted (file:///C:/Users/Pratik/Projects/sandbox/Backend/src/controllers/vendorController.js:258:7)
    at process.processTicksAndRejections (node:internal/process/task_queues:105:5)
[13:14:31] [32minfo[39m: [Request] PATCH /api/vendor/files/bulk-print - 2025-12-24T07:44:31.035Z
[13:14:32] [32minfo[39m: [Request] GET /api/vendor/dashboard - 2025-12-24T07:44:32.902Z
[13:14:33] [32minfo[39m: [Request] GET /api/vendor/dashboard - 2025-12-24T07:44:33.231Z
[13:14:38] [32minfo[39m: [Request] GET /api/vendor/dashboard - 2025-12-24T07:44:38.355Z
[13:14:38] [32minfo[39m: [Request] GET /api/vendor/dashboard - 2025-12-24T07:44:38.569Z
[13:16:17] [32minfo[39m: [Request] POST /api/files/upload? - 2025-12-24T07:46:17.301Z
[15:07:27] [32minfo[39m: [Request] GET /api/vendor/dashboard - 2025-12-24T09:37:27.161Z
[15:07:27] [32minfo[39m: [Request] GET /api/vendor/dashboard - 2025-12-24T09:37:27.651Z
[15:11:40] [32minfo[39m: [Request] GET /api/vendor/dashboard - 2025-12-24T09:41:40.613Z
[15:11:40] [32minfo[39m: [Request] GET /api/vendor/dashboard - 2025-12-24T09:41:40.618Z
[15:13:13] [32minfo[39m: [Request] GET /api/vendor/dashboard - 2025-12-24T09:43:13.725Z
[15:13:13] [32minfo[39m: [Request] GET /api/vendor/dashboard - 2025-12-24T09:43:13.731Z
[15:25:18] [32minfo[39m: [Request] GET /api/vendor/dashboard - 2025-12-24T09:55:18.838Z
[15:25:18] [32minfo[39m: [Request] GET /api/vendor/dashboard - 2025-12-24T09:55:18.842Z
[15:46:21] [32minfo[39m: ✅ MongoDB connected successfully
[15:46:21] [32minfo[39m: Server running on port 5000
[15:46:33] [32minfo[39m: ✅ MongoDB connected successfully
[15:46:33] [32minfo[39m: Server running on port 5000
[15:46:36] [32minfo[39m: [Request] GET /api/vendor/dashboard - 2025-12-24T10:16:36.939Z
[15:46:36] [32minfo[39m: [Request] GET /api/vendor/dashboard - 2025-12-24T10:16:36.956Z
[15:54:05] [32minfo[39m: [Request] GET /api/files/694b98a3c6953d24f7eac228/download - 2025-12-24T10:24:05.466Z
[15:54:07] [32minfo[39m: [Request] GET /api/vendor/dashboard - 2025-12-24T10:24:07.673Z
[15:54:07] [32minfo[39m: [Request] GET /api/vendor/dashboard - 2025-12-24T10:24:07.679Z
[15:54:10] [32minfo[39m: [Request] GET /api/files/694b98a3c6953d24f7eac22a/download - 2025-12-24T10:24:10.168Z
[15:54:17] [32minfo[39m: [Request] GET /api/files/694b989dc6953d24f7eac221/download - 2025-12-24T10:24:17.571Z
[15:55:44] [32minfo[39m: [Request] GET /api/files/694b98a3c6953d24f7eac22a/download - 2025-12-24T10:25:44.530Z
[15:55:52] [32minfo[39m: [Request] GET /api/files/694b9a49c6953d24f7eac26f/download - 2025-12-24T10:25:52.583Z
[15:56:05] [32minfo[39m: [Request] GET /api/vendor/dashboard - 2025-12-24T10:26:05.125Z
[15:56:05] [32minfo[39m: [Request] GET /api/vendor/dashboard - 2025-12-24T10:26:05.355Z
[15:56:15] [32minfo[39m: [Request] GET /api/vendor/dashboard - 2025-12-24T10:26:15.883Z
[15:56:16] [32minfo[39m: [Request] GET /api/vendor/dashboard - 2025-12-24T10:26:16.151Z
[15:56:18] [32minfo[39m: [Request] GET /api/files/694b9892c6953d24f7eac218/download - 2025-12-24T10:26:18.225Z
[15:57:58] [32minfo[39m: [Request] GET /api/files - 2025-12-24T10:27:58.439Z
[15:58:46] [32minfo[39m: [Request] GET /api/vendor/files/694b9892c6953d24f7eac218/download - 2025-12-24T10:28:46.929Z
[15:58:48] [32minfo[39m: [Request] GET /api/vendor/dashboard - 2025-12-24T10:28:48.337Z
[15:58:48] [32minfo[39m: [Request] GET /api/vendor/dashboard - 2025-12-24T10:28:48.341Z
[15:58:50] [32minfo[39m: [Request] GET /api/vendor/files/694b9a49c6953d24f7eac26f/download - 2025-12-24T10:28:50.410Z
[15:59:00] [32minfo[39m: [Request] GET /api/:vendorId/files/694b9a49c6953d24f7eac26f/download - 2025-12-24T10:29:00.604Z
[15:59:00] [32minfo[39m: [Request] GET /api/:vendorId/files/694b9892c6953d24f7eac218/download - 2025-12-24T10:29:00.925Z
[15:59:02] [32minfo[39m: [Request] GET /api/vendor/dashboard - 2025-12-24T10:29:02.798Z
[15:59:02] [32minfo[39m: [Request] GET /api/vendor/dashboard - 2025-12-24T10:29:02.803Z
[15:59:04] [32minfo[39m: [Request] GET /api/:vendorId/files/694b9a49c6953d24f7eac26f/download - 2025-12-24T10:29:04.305Z
[15:59:34] [32minfo[39m: [Request] GET /api/vendor/dashboard - 2025-12-24T10:29:34.202Z
[15:59:34] [32minfo[39m: [Request] GET /api/vendor/dashboard - 2025-12-24T10:29:34.206Z
[15:59:47] [32minfo[39m: [Request] GET /api/vendor/dashboard - 2025-12-24T10:29:47.528Z
[15:59:47] [32minfo[39m: [Request] GET /api/vendor/dashboard - 2025-12-24T10:29:47.531Z
[15:59:54] [32minfo[39m: [Request] GET /api/vendor/dashboard - 2025-12-24T10:29:54.841Z
[15:59:55] [32minfo[39m: [Request] GET /api/vendor/dashboard - 2025-12-24T10:29:55.067Z
[16:04:16] [32minfo[39m: [Request] GET /api/vendor/dashboard - 2025-12-24T10:34:16.935Z
[16:04:17] [32minfo[39m: [Request] GET /api/vendor/dashboard - 2025-12-24T10:34:17.183Z
[16:04:17] [32minfo[39m: [Request] GET /api/vendor/dashboard - 2025-12-24T10:34:17.399Z
[16:04:17] [32minfo[39m: [Request] GET /api/vendor/dashboard - 2025-12-24T10:34:17.632Z
[16:04:20] [32minfo[39m: [Request] GET /694b9a49c6953d24f7eac26f/download - 2025-12-24T10:34:20.132Z
[16:04:28] [32minfo[39m: [Request] GET /694b989dc6953d24f7eac221/download - 2025-12-24T10:34:28.474Z
[16:07:24] [32minfo[39m: ✅ MongoDB connected successfully
[16:07:24] [32minfo[39m: Server running on port 5000
[16:07:45] [32minfo[39m: [Request] GET /api/files/694b9a49c6953d24f7eac26f/download - 2025-12-24T10:37:45.142Z
[16:07:47] [32minfo[39m: [Request] GET /api/vendor/dashboard - 2025-12-24T10:37:47.912Z
[16:07:47] [32minfo[39m: [Request] GET /api/vendor/dashboard - 2025-12-24T10:37:47.928Z
[16:07:49] [32minfo[39m: [Request] GET /api/files/694b989dc6953d24f7eac221/download - 2025-12-24T10:37:49.570Z
[16:07:52] [32minfo[39m: [Request] GET /api/vendor/dashboard - 2025-12-24T10:37:52.073Z
[16:07:52] [32minfo[39m: [Request] GET /api/vendor/dashboard - 2025-12-24T10:37:52.079Z
[16:07:54] [32minfo[39m: [Request] GET /api/files/694b98a3c6953d24f7eac22a/download - 2025-12-24T10:37:54.875Z
[16:08:52] [32minfo[39m: [Request] GET /api/files/694b9a49c6953d24f7eac26f/download - 2025-12-24T10:38:52.693Z
[16:09:58] [32minfo[39m: [Request] GET /api/vendor/dashboard - 2025-12-24T10:39:58.258Z
[16:09:58] [32minfo[39m: [Request] GET /api/vendor/dashboard - 2025-12-24T10:39:58.263Z
[16:10:10] [32minfo[39m: [Request] GET /api/files/694b9a49c6953d24f7eac26f/download - 2025-12-24T10:40:10.515Z
[16:10:16] [32minfo[39m: [Request] GET /api/files/694b989dc6953d24f7eac221/download - 2025-12-24T10:40:16.827Z
[16:12:04] [32minfo[39m: ✅ MongoDB connected successfully
[16:12:04] [32minfo[39m: Server running on port 5000
[16:12:07] [32minfo[39m: ✅ MongoDB connected successfully
[16:12:07] [32minfo[39m: Server running on port 5000
[16:12:11] [32minfo[39m: [Request] GET /api/vendor/dashboard - 2025-12-24T10:42:11.436Z
[16:12:11] [32minfo[39m: [Request] GET /api/vendor/dashboard - 2025-12-24T10:42:11.451Z
[16:12:12] [32minfo[39m: [Request] GET /api/files/694b989dc6953d24f7eac221/download - 2025-12-24T10:42:12.750Z
[16:12:57] [32minfo[39m: [Request] GET /api/vendor/dashboard - 2025-12-24T10:42:57.335Z
[16:12:57] [32minfo[39m: [Request] GET /api/vendor/dashboard - 2025-12-24T10:42:57.603Z
[16:13:03] [32minfo[39m: [Request] GET /api/vendor/dashboard - 2025-12-24T10:43:03.750Z
[16:13:04] [32minfo[39m: [Request] GET /api/vendor/dashboard - 2025-12-24T10:43:04.009Z
[16:13:05] [32minfo[39m: [Request] GET /api/files/694b989ac6953d24f7eac21e/download - 2025-12-24T10:43:05.841Z
[16:13:20] [32minfo[39m: [Request] GET /api/vendor/dashboard - 2025-12-24T10:43:20.499Z
[16:13:20] [32minfo[39m: [Request] GET /api/vendor/dashboard - 2025-12-24T10:43:20.975Z
[16:13:22] [32minfo[39m: [Request] GET /api/files/694b989dc6953d24f7eac221/download - 2025-12-24T10:43:22.129Z
[16:16:00] [32minfo[39m: ✅ MongoDB connected successfully
[16:16:00] [32minfo[39m: Server running on port 5000
[16:17:05] [32minfo[39m: ✅ MongoDB connected successfully
[16:17:05] [32minfo[39m: Server running on port 5000
[16:17:06] [32minfo[39m: [Request] GET /api/vendor/dashboard - 2025-12-24T10:47:06.557Z
[16:17:06] [32minfo[39m: [Request] GET /api/vendor/dashboard - 2025-12-24T10:47:06.574Z
[16:17:09] [32minfo[39m: [Request] GET /api/files/694b989dc6953d24f7eac221/download - 2025-12-24T10:47:09.047Z
[16:17:15] [32minfo[39m: [Request] GET /api/vendor/dashboard - 2025-12-24T10:47:15.819Z
[16:17:16] [32minfo[39m: [Request] GET /api/vendor/dashboard - 2025-12-24T10:47:16.068Z
[16:17:17] [32minfo[39m: [Request] GET /api/files/694b989ac6953d24f7eac21e/download - 2025-12-24T10:47:17.586Z
[16:20:54] [32minfo[39m: ✅ MongoDB connected successfully
[16:20:54] [32minfo[39m: Server running on port 5000
[16:22:51] [32minfo[39m: [Request] GET /api/files/694b9a49c6953d24f7eac26f/download - 2025-12-24T10:52:51.658Z
[16:22:55] [32minfo[39m: [Request] GET /api/vendor/dashboard - 2025-12-24T10:52:55.117Z
[16:22:55] [32minfo[39m: [Request] GET /api/vendor/dashboard - 2025-12-24T10:52:55.392Z
[16:22:56] [32minfo[39m: [Request] GET /api/files/694b989ac6953d24f7eac21e/download - 2025-12-24T10:52:56.732Z
[16:23:11] [32minfo[39m: ✅ MongoDB connected successfully
[16:23:11] [32minfo[39m: Server running on port 5000
[16:23:18] [32minfo[39m: [Request] GET /api/files/694b9a49c6953d24f7eac26f/download - 2025-12-24T10:53:18.617Z
[16:30:33] [32minfo[39m: [Request] GET /api/vendor/dashboard - 2025-12-24T11:00:33.994Z
[16:30:34] [32minfo[39m: [Request] GET /api/vendor/dashboard - 2025-12-24T11:00:34.010Z
[16:30:35] [32minfo[39m: [Request] GET /api/files/694b989ac6953d24f7eac21e/download - 2025-12-24T11:00:35.565Z
[16:30:46] [32minfo[39m: [Request] GET /api/vendor/dashboard - 2025-12-24T11:00:46.127Z
[16:30:46] [32minfo[39m: [Request] GET /api/vendor/dashboard - 2025-12-24T11:00:46.359Z
[16:30:49] [32minfo[39m: [Request] GET /api/files/694b989dc6953d24f7eac221/download - 2025-12-24T11:00:49.133Z
[16:32:48] [32minfo[39m: ✅ MongoDB connected successfully
[16:32:48] [32minfo[39m: Server running on port 5000
[16:33:36] [32minfo[39m: ✅ MongoDB connected successfully
[16:33:36] [32minfo[39m: Server running on port 5000
[16:33:46] [32minfo[39m: [Request] GET /api/vendor/dashboard - 2025-12-24T11:03:46.803Z
[16:33:47] [32minfo[39m: [Request] GET /api/vendor/dashboard - 2025-12-24T11:03:47.103Z
[16:33:57] [32minfo[39m: ✅ MongoDB connected successfully
[16:33:57] [32minfo[39m: Server running on port 5000
[16:33:59] [32minfo[39m: [Request] GET /api/files/694b989dc6953d24f7eac221/download - 2025-12-24T11:03:59.641Z
[16:39:41] [32minfo[39m: ✅ MongoDB connected successfully
[16:39:41] [32minfo[39m: Server running on port 5000
[16:39:59] [32minfo[39m: ✅ MongoDB connected successfully
[16:39:59] [32minfo[39m: Server running on port 5000
[16:40:15] [32minfo[39m: ✅ MongoDB connected successfully
[16:40:15] [32minfo[39m: Server running on port 5000
[16:41:12] [32minfo[39m: ✅ MongoDB connected successfully
[16:41:12] [32minfo[39m: Server running on port 5000
