[12:14:48] [32minfo[39m: ✅ MongoDB connected successfully
[12:14:48] [32minfo[39m: Server running on port 5000
[12:15:14] [32minfo[39m: [Request] POST /api/vendor/login - 2025-12-31T06:45:14.818Z
[12:15:31] [32minfo[39m: [Request] GET /api/vendor/dashboard - 2025-12-31T06:45:31.628Z
[12:15:31] [32minfo[39m: [Request] GET /api/vendor/dashboard - 2025-12-31T06:45:31.956Z
[12:16:12] [32minfo[39m: [Request] PATCH /api/vendor/files/69538794bb8088f0a67cb417/printed - 2025-12-31T06:46:12.037Z
[12:16:12] [32minfo[39m: [Request] PATCH /api/vendor/files/69538795bb8088f0a67cb41a/printed - 2025-12-31T06:46:12.045Z
[12:16:23] [32minfo[39m: [Request] GET /api/vendor/dashboard - 2025-12-31T06:46:23.855Z
[12:16:24] [32minfo[39m: [Request] GET /api/vendor/dashboard - 2025-12-31T06:46:24.276Z
[12:16:26] [32minfo[39m: [Request] GET /api/vendor/dashboard - 2025-12-31T06:46:26.691Z
[12:16:27] [32minfo[39m: [Request] GET /api/vendor/dashboard - 2025-12-31T06:46:27.038Z
[12:20:04] [32minfo[39m: [Request] GET /api/vendor/qr/download - 2025-12-31T06:50:04.075Z
[12:20:04] [32minfo[39m: [Request] GET /favicon.ico - 2025-12-31T06:50:04.194Z
[12:20:16] [32minfo[39m: [Request] GET /api/vendor/qr/download - 2025-12-31T06:50:16.656Z
[12:25:49] [32minfo[39m: [Request] GET /api/vendor/dashboard - 2025-12-31T06:55:49.127Z
[12:25:49] [32minfo[39m: [Request] GET /api/vendor/dashboard - 2025-12-31T06:55:49.614Z
[12:36:16] [32minfo[39m: [Request] GET /api/vendor/dashboard - 2025-12-31T07:06:16.221Z
[12:36:16] [32minfo[39m: [Request] GET /api/vendor/dashboard - 2025-12-31T07:06:16.687Z
[12:37:16] [32minfo[39m: [Request] GET /api/vendor/dashboard - 2025-12-31T07:07:16.903Z
[12:37:17] [32minfo[39m: [Request] GET /api/vendor/dashboard - 2025-12-31T07:07:17.513Z
[12:37:21] [32minfo[39m: [Request] PATCH /api/vendor/files/undefined/delete - 2025-12-31T07:07:21.466Z
[12:37:21] [31merror[39m: CastError: Cast to ObjectId failed for value "undefined" (type string) at path "_id" for model "File"
    at SchemaObjectId.cast (C:\Users\Pratik\Projects\sandbox\Backend\node_modules\mongoose\lib\schema\objectId.js:253:11)
    at SchemaType.applySetters (C:\Users\Pratik\Projects\sandbox\Backend\node_modules\mongoose\lib\schemaType.js:1280:12)
    at SchemaType.castForQuery (C:\Users\Pratik\Projects\sandbox\Backend\node_modules\mongoose\lib\schemaType.js:1706:17)
    at cast (C:\Users\Pratik\Projects\sandbox\Backend\node_modules\mongoose\lib\cast.js:390:32)
    at Query.cast (C:\Users\Pratik\Projects\sandbox\Backend\node_modules\mongoose\lib\query.js:5016:12)
    at Query._castConditions (C:\Users\Pratik\Projects\sandbox\Backend\node_modules\mongoose\lib\query.js:2380:10)
    at model.Query._findOne (C:\Users\Pratik\Projects\sandbox\Backend\node_modules\mongoose\lib\query.js:2708:8)
    at model.Query.exec (C:\Users\Pratik\Projects\sandbox\Backend\node_modules\mongoose\lib\query.js:4627:80)
    at process.processTicksAndRejections (node:internal/process/task_queues:105:5)
    at async softDeleteFile (file:///C:/Users/Pratik/Projects/sandbox/Backend/src/controllers/vendorController.js:343:18)
[12:37:26] [32minfo[39m: [Request] GET /api/vendor/dashboard - 2025-12-31T07:07:26.881Z
[12:37:27] [32minfo[39m: [Request] GET /api/vendor/dashboard - 2025-12-31T07:07:27.247Z
[12:37:34] [32minfo[39m: [Request] PATCH /api/vendor/files/undefined/delete - 2025-12-31T07:07:34.565Z
[12:37:34] [31merror[39m: CastError: Cast to ObjectId failed for value "undefined" (type string) at path "_id" for model "File"
    at SchemaObjectId.cast (C:\Users\Pratik\Projects\sandbox\Backend\node_modules\mongoose\lib\schema\objectId.js:253:11)
    at SchemaType.applySetters (C:\Users\Pratik\Projects\sandbox\Backend\node_modules\mongoose\lib\schemaType.js:1280:12)
    at SchemaType.castForQuery (C:\Users\Pratik\Projects\sandbox\Backend\node_modules\mongoose\lib\schemaType.js:1706:17)
    at cast (C:\Users\Pratik\Projects\sandbox\Backend\node_modules\mongoose\lib\cast.js:390:32)
    at Query.cast (C:\Users\Pratik\Projects\sandbox\Backend\node_modules\mongoose\lib\query.js:5016:12)
    at Query._castConditions (C:\Users\Pratik\Projects\sandbox\Backend\node_modules\mongoose\lib\query.js:2380:10)
    at model.Query._findOne (C:\Users\Pratik\Projects\sandbox\Backend\node_modules\mongoose\lib\query.js:2708:8)
    at model.Query.exec (C:\Users\Pratik\Projects\sandbox\Backend\node_modules\mongoose\lib\query.js:4627:80)
    at process.processTicksAndRejections (node:internal/process/task_queues:105:5)
    at async softDeleteFile (file:///C:/Users/Pratik/Projects/sandbox/Backend/src/controllers/vendorController.js:343:18)
[12:37:38] [32minfo[39m: [Request] GET /api/vendor/dashboard - 2025-12-31T07:07:38.346Z
[12:37:38] [32minfo[39m: [Request] GET /api/vendor/dashboard - 2025-12-31T07:07:38.716Z
[12:45:04] [32minfo[39m: [Request] GET /api/vendor/dashboard - 2025-12-31T07:15:04.045Z
[12:45:04] [32minfo[39m: [Request] GET /api/vendor/dashboard - 2025-12-31T07:15:04.743Z
[12:45:11] [32minfo[39m: [Request] PATCH /api/vendor/files/bulk-delete - 2025-12-31T07:15:11.257Z
[12:45:14] [32minfo[39m: [Request] GET /api/vendor/dashboard - 2025-12-31T07:15:14.450Z
[12:45:15] [32minfo[39m: [Request] GET /api/vendor/dashboard - 2025-12-31T07:15:15.799Z
[12:45:24] [32minfo[39m: [Request] PATCH /api/vendor/files/bulk-delete - 2025-12-31T07:15:24.164Z
[12:45:28] [32minfo[39m: [Request] GET /api/vendor/dashboard - 2025-12-31T07:15:28.731Z
[12:45:30] [32minfo[39m: [Request] GET /api/vendor/dashboard - 2025-12-31T07:15:30.447Z
[12:48:58] [32minfo[39m: [Request] GET /api/vendor/dashboard - 2025-12-31T07:18:58.932Z
[12:49:02] [32minfo[39m: [Request] GET /api/vendor/dashboard - 2025-12-31T07:19:02.432Z
[12:49:02] [32minfo[39m: [Request] GET /api/vendor/dashboard - 2025-12-31T07:19:02.914Z
[12:49:10] [32minfo[39m: [Request] PATCH /api/vendor/files/bulk-delete - 2025-12-31T07:19:10.962Z
[12:49:13] [32minfo[39m: [Request] GET /api/vendor/dashboard - 2025-12-31T07:19:13.208Z
[12:49:32] [32minfo[39m: [Request] GET /api/vendor/dashboard - 2025-12-31T07:19:32.940Z
[12:49:33] [32minfo[39m: [Request] GET /api/vendor/dashboard - 2025-12-31T07:19:33.125Z
[12:49:36] [32minfo[39m: [Request] GET /api/vendor/dashboard - 2025-12-31T07:19:36.882Z
[12:49:52] [32minfo[39m: [Request] GET /api/vendor/dashboard - 2025-12-31T07:19:52.631Z
[12:49:53] [32minfo[39m: [Request] GET /api/vendor/dashboard - 2025-12-31T07:19:53.568Z
[12:49:58] [32minfo[39m: [Request] GET /api/vendor/dashboard - 2025-12-31T07:19:58.184Z
[12:49:58] [32minfo[39m: [Request] GET /api/vendor/dashboard - 2025-12-31T07:19:58.517Z
[12:50:04] [32minfo[39m: [Request] PATCH /api/vendor/files/bulk-delete - 2025-12-31T07:20:04.032Z
[12:50:06] [32minfo[39m: [Request] GET /api/vendor/dashboard - 2025-12-31T07:20:06.000Z
[12:50:06] [32minfo[39m: [Request] GET /api/vendor/dashboard - 2025-12-31T07:20:06.604Z
[12:50:09] [32minfo[39m: [Request] GET /api/vendor/dashboard - 2025-12-31T07:20:09.134Z
[12:50:09] [32minfo[39m: [Request] GET /api/vendor/dashboard - 2025-12-31T07:20:09.573Z
[12:50:49] [32minfo[39m: [Request] POST /api/vendor/login - 2025-12-31T07:20:49.360Z
[12:51:23] [32minfo[39m: [Request] GET /api/vendor/dashboard - 2025-12-31T07:21:23.373Z
[12:51:24] [32minfo[39m: [Request] GET /api/vendor/dashboard - 2025-12-31T07:21:24.338Z
[12:51:40] [32minfo[39m: [Request] PATCH /api/vendor/files/bulk-delete - 2025-12-31T07:21:40.274Z
[12:51:52] [32minfo[39m: [Request] GET /api/vendor/dashboard - 2025-12-31T07:21:52.816Z
[12:51:53] [32minfo[39m: [Request] GET /api/vendor/dashboard - 2025-12-31T07:21:53.210Z
[12:57:22] [32minfo[39m: [Request] GET /api/vendor/dashboard - 2025-12-31T07:27:22.926Z
[12:57:23] [32minfo[39m: [Request] GET /api/vendor/dashboard - 2025-12-31T07:27:23.690Z
[13:13:24] [32minfo[39m: [Request] PATCH /api/vendor/files/694b98a3c6953d24f7eac224/printed - 2025-12-31T07:43:24.475Z
[13:13:35] [32minfo[39m: [Request] PATCH /api/vendor/files/bulk-delete - 2025-12-31T07:43:35.105Z
[13:22:24] [32minfo[39m: [Request] GET /api/vendor/dashboard - 2025-12-31T07:52:24.427Z
[13:22:24] [32minfo[39m: [Request] GET /api/vendor/dashboard - 2025-12-31T07:52:24.973Z
[13:22:32] [32minfo[39m: [Request] GET /api/vendor/dashboard - 2025-12-31T07:52:32.388Z
[13:22:32] [32minfo[39m: [Request] GET /api/vendor/dashboard - 2025-12-31T07:52:32.857Z
[13:22:35] [32minfo[39m: [Request] GET /api/file-access/6953878fbb8088f0a67cb405/preview-url - 2025-12-31T07:52:35.144Z
[13:22:50] [32minfo[39m: [Request] GET /api/vendor/dashboard - 2025-12-31T07:52:50.594Z
[13:22:50] [32minfo[39m: [Request] GET /api/vendor/dashboard - 2025-12-31T07:52:50.598Z
[13:22:59] [32minfo[39m: [Request] GET /api/file-access/6953878cbb8088f0a67cb3ff/preview-url - 2025-12-31T07:52:59.390Z
[13:32:38] [32minfo[39m: [Request] GET /api/file-access/6953878fbb8088f0a67cb405/preview-url - 2025-12-31T08:02:38.908Z
[13:32:39] [32minfo[39m: [Request] GET /api/file-access/6953878fbb8088f0a67cb405/download?token=eyJhbGciOiJIUzI1NiIsInR5cCI6IkpXVCJ9.eyJmaWxlSWQiOiI2OTUzODc4ZmJiODA4OGYwYTY3Y2I0MDUiLCJ2ZW5kb3JJZCI6IjU2ZTIyMzhiLTYwNjQtNDQxYS04YjJjLTA3YmQwYzA0MTcyMCIsInNjb3BlIjoiZmlsZS1wcmV2aWV3IiwiaWF0IjoxNzY3MTY4MTU5LCJleHAiOjE3NjcxNjg0NTl9.fVWRdVHPzq7c-IREJYS4HoI4aIk9oTLAcKLFhN1rNCg - 2025-12-31T08:02:39.418Z
[13:47:39] [32minfo[39m: [Request] GET /api/vendor/dashboard - 2025-12-31T08:17:39.931Z
[13:47:40] [32minfo[39m: [Request] GET /api/vendor/dashboard - 2025-12-31T08:17:40.340Z
[13:48:10] [32minfo[39m: [Request] POST /api/files/upload? - 2025-12-31T08:18:10.743Z
[13:48:23] [32minfo[39m: [Request] GET /api/vendor/dashboard - 2025-12-31T08:18:23.267Z
[13:48:23] [32minfo[39m: [Request] GET /api/vendor/dashboard - 2025-12-31T08:18:23.764Z
[13:48:37] [32minfo[39m: [Request] GET /api/vendor/dashboard - 2025-12-31T08:18:37.277Z
[13:48:37] [32minfo[39m: [Request] GET /api/vendor/dashboard - 2025-12-31T08:18:37.795Z
[13:48:48] [32minfo[39m: [Request] GET /api/vendor/dashboard - 2025-12-31T08:18:48.734Z
[13:48:49] [32minfo[39m: [Request] GET /api/vendor/dashboard - 2025-12-31T08:18:49.264Z
[13:48:52] [32minfo[39m: [Request] PATCH /api/vendor/files/6954dc4c79b88be6121b1d1c/printed - 2025-12-31T08:18:52.307Z
[13:51:37] [32minfo[39m: [Request] GET /api/vendor/dashboard - 2025-12-31T08:21:37.025Z
[13:51:37] [32minfo[39m: [Request] GET /api/vendor/dashboard - 2025-12-31T08:21:37.028Z
[13:51:48] [32minfo[39m: [Request] POST /api/vendor/login - 2025-12-31T08:21:48.143Z
[13:52:31] [32minfo[39m: [Request] POST /api/vendor/login - 2025-12-31T08:22:31.867Z
[13:52:32] [32minfo[39m: [Request] GET /api/vendor/dashboard - 2025-12-31T08:22:32.353Z
[13:52:33] [32minfo[39m: [Request] GET /api/vendor/dashboard - 2025-12-31T08:22:33.096Z
[13:52:44] [32minfo[39m: [Request] GET /api/file-access/6954dc4c79b88be6121b1d1c/preview-url - 2025-12-31T08:22:44.326Z
[13:52:48] [32minfo[39m: [Request] GET /api/file-access/6954dc4b79b88be6121b1d19/preview-url - 2025-12-31T08:22:48.467Z
[13:52:48] [32minfo[39m: [Request] GET /api/file-access/6954dc4b79b88be6121b1d19/download?token=eyJhbGciOiJIUzI1NiIsInR5cCI6IkpXVCJ9.eyJmaWxlSWQiOiI2OTU0ZGM0Yjc5Yjg4YmU2MTIxYjFkMTkiLCJ2ZW5kb3JJZCI6IjU2ZTIyMzhiLTYwNjQtNDQxYS04YjJjLTA3YmQwYzA0MTcyMCIsInNjb3BlIjoiZmlsZS1wcmV2aWV3IiwiaWF0IjoxNzY3MTY5MzY4LCJleHAiOjE3NjcxNjk2Njh9.ShkNm8aSYsiCVZOdRe0xKQfPTXyVQa8SYahB68EnC0I - 2025-12-31T08:22:48.891Z
[13:53:11] [32minfo[39m: [Request] PATCH /api/vendor/files/bulk-delete - 2025-12-31T08:23:11.246Z
[13:53:17] [32minfo[39m: [Request] PATCH /api/vendor/files/6954dc4a79b88be6121b1d16/printed - 2025-12-31T08:23:17.300Z
[13:53:19] [32minfo[39m: [Request] GET /api/vendor/dashboard - 2025-12-31T08:23:19.823Z
[13:53:20] [32minfo[39m: [Request] GET /api/vendor/dashboard - 2025-12-31T08:23:20.408Z
[13:54:22] [32minfo[39m: [Request] POST /api/vendor/login - 2025-12-31T08:24:22.990Z
[13:54:27] [32minfo[39m: [Request] POST /api/vendor/login - 2025-12-31T08:24:27.410Z
[13:54:27] [32minfo[39m: [Request] GET /api/vendor/dashboard - 2025-12-31T08:24:27.862Z
[13:54:28] [32minfo[39m: [Request] GET /api/vendor/dashboard - 2025-12-31T08:24:28.292Z
[13:58:19] [32minfo[39m: [Request] POST /api/vendor/register - 2025-12-31T08:28:19.440Z
[13:58:26] [32minfo[39m: [Request] POST /api/vendor/login - 2025-12-31T08:28:26.255Z
[14:02:52] [32minfo[39m: [Request] POST /api/vendor/login - 2025-12-31T08:32:52.344Z
[14:06:31] [32minfo[39m: ✅ MongoDB connected successfully
[14:06:31] [32minfo[39m: Server running on port 5000
[14:08:04] [32minfo[39m: ✅ MongoDB connected successfully
[14:08:04] [32minfo[39m: Server running on port 5000
[14:08:36] [32minfo[39m: ✅ MongoDB connected successfully
[14:08:36] [32minfo[39m: Server running on port 5000
[14:10:15] [32minfo[39m: ✅ MongoDB connected successfully
[14:10:15] [32minfo[39m: Server running on port 5000
[14:10:29] [32minfo[39m: ✅ MongoDB connected successfully
[14:10:29] [32minfo[39m: Server running on port 5000
[14:10:39] [32minfo[39m: [Request] POST /api/vendor/login - 2025-12-31T08:40:39.916Z
[14:10:40] [32minfo[39m: [Request] GET /api/vendor/dashboard - 2025-12-31T08:40:40.347Z
[14:10:41] [32minfo[39m: [Request] GET /api/vendor/dashboard - 2025-12-31T08:40:41.061Z
[14:11:32] [32minfo[39m: [Request] GET /api/vendor/dashboard - 2025-12-31T08:41:32.081Z
[14:11:32] [32minfo[39m: [Request] GET /api/vendor/dashboard - 2025-12-31T08:41:32.679Z
[14:14:35] [32minfo[39m: [Request] POST /api/files/upload? - 2025-12-31T08:44:35.645Z
[14:15:11] [32minfo[39m: [Request] GET /api/vendor/dashboard - 2025-12-31T08:45:11.327Z
[14:15:11] [32minfo[39m: [Request] GET /api/vendor/dashboard - 2025-12-31T08:45:11.904Z
[14:30:12] [32minfo[39m: ✅ MongoDB connected successfully
[14:30:12] [32minfo[39m: Server running on port 5000
[14:30:18] [32minfo[39m: ✅ MongoDB connected successfully
[14:30:18] [32minfo[39m: Server running on port 5000
[14:30:39] [32minfo[39m: [Request] POST /api/vendor/login - 2025-12-31T09:00:39.951Z
[14:30:40] [32minfo[39m: [Request] GET /api/vendor/dashboard - 2025-12-31T09:00:40.678Z
[14:30:40] [32minfo[39m: [Request] GET /api/vendor/dashboard - 2025-12-31T09:00:40.701Z
[14:30:54] [32minfo[39m: [Request] GET /api/vendor/dashboard - 2025-12-31T09:00:54.884Z
[14:30:57] [32minfo[39m: [Request] GET /api/vendor/dashboard - 2025-12-31T09:00:57.179Z
[14:31:54] [32minfo[39m: ✅ MongoDB connected successfully
[14:31:54] [32minfo[39m: Server running on port 5000
