[13:07:07] [32minfo[39m: ✅ MongoDB connected successfully
[13:07:07] [32minfo[39m: Server running on port 5000
[13:18:11] [32minfo[39m: ✅ MongoDB connected successfully
[13:18:11] [32minfo[39m: Server running on port 5000
[13:19:34] [32minfo[39m: ✅ MongoDB connected successfully
[13:19:34] [32minfo[39m: Server running on port 5000
[13:19:54] [32minfo[39m: ✅ MongoDB connected successfully
[13:19:54] [32minfo[39m: Server running on port 5000
[13:20:06] [32minfo[39m: ✅ MongoDB connected successfully
[13:20:06] [32minfo[39m: Server running on port 5000
[13:21:32] [32minfo[39m: ✅ MongoDB connected successfully
[13:21:32] [32minfo[39m: Server running on port 5000
[13:21:50] [32minfo[39m: ✅ MongoDB connected successfully
[13:21:50] [32minfo[39m: Server running on port 5000
[13:22:13] [32minfo[39m: ✅ MongoDB connected successfully
[13:22:13] [32minfo[39m: Server running on port 5000
[13:22:29] [32minfo[39m: ✅ MongoDB connected successfully
[13:22:29] [32minfo[39m: Server running on port 5000
[13:22:51] [32minfo[39m: ✅ MongoDB connected successfully
[13:22:51] [32minfo[39m: Server running on port 5000
[13:23:10] [32minfo[39m: ✅ MongoDB connected successfully
[13:23:10] [32minfo[39m: Server running on port 5000
[13:23:31] [32minfo[39m: ✅ MongoDB connected successfully
[13:23:31] [32minfo[39m: Server running on port 5000
[13:23:51] [32minfo[39m: ✅ MongoDB connected successfully
[13:23:51] [32minfo[39m: Server running on port 5000
[13:24:10] [32minfo[39m: ✅ MongoDB connected successfully
[13:24:10] [32minfo[39m: Server running on port 5000
[13:24:27] [32minfo[39m: ✅ MongoDB connected successfully
[13:24:27] [32minfo[39m: Server running on port 5000
[13:29:57] [32minfo[39m: ✅ MongoDB connected successfully
[13:29:57] [32minfo[39m: Server running on port 5000
[13:31:35] [32minfo[39m: ✅ MongoDB connected successfully
[13:31:35] [32minfo[39m: Server running on port 5000
[13:39:43] [32minfo[39m: ✅ MongoDB connected successfully
[13:39:43] [32minfo[39m: Server running on port 5000
[13:41:34] [32minfo[39m: ✅ MongoDB connected successfully
[13:41:34] [32minfo[39m: Server running on port 5000
[13:43:55] [32minfo[39m: ✅ MongoDB connected successfully
[13:43:55] [32minfo[39m: Server running on port 5000
[13:45:20] [32minfo[39m: ✅ MongoDB connected successfully
[13:45:20] [32minfo[39m: Server running on port 5000
[13:45:54] [32minfo[39m: ✅ MongoDB connected successfully
[13:45:54] [32minfo[39m: Server running on port 5000
[13:46:37] [32minfo[39m: ✅ MongoDB connected successfully
[13:46:37] [32minfo[39m: Server running on port 5000
[13:46:50] [32minfo[39m: ✅ MongoDB connected successfully
[13:46:50] [32minfo[39m: Server running on port 5000
[13:46:56] [32minfo[39m: ✅ MongoDB connected successfully
[13:46:56] [32minfo[39m: Server running on port 5000
[13:47:04] [32minfo[39m: ✅ MongoDB connected successfully
[13:47:04] [32minfo[39m: Server running on port 5000
[13:49:19] [32minfo[39m: ✅ MongoDB connected successfully
[13:49:19] [32minfo[39m: Server running on port 5000
[13:51:05] [32minfo[39m: ✅ MongoDB connected successfully
[13:51:05] [32minfo[39m: Server running on port 5000
[14:28:41] [32minfo[39m: [Request] GET /favicon.ico - 2025-12-21T08:58:41.006Z
[14:28:44] [32minfo[39m: [Request] GET /api/vendor/dashboard - 2025-12-21T08:58:44.416Z
[14:28:44] [32minfo[39m: [Request] GET /api/vendor/dashboard - 2025-12-21T08:58:44.782Z
[14:29:08] [32minfo[39m: [Request] GET /api/vendor/qr/download - 2025-12-21T08:59:08.145Z
[14:32:14] [32minfo[39m: ✅ MongoDB connected successfully
[14:32:14] [32minfo[39m: Server running on port 5000
[14:38:18] [32minfo[39m: ✅ MongoDB connected successfully
[14:38:18] [32minfo[39m: Server running on port 5000
[14:55:58] [32minfo[39m: ✅ MongoDB connected successfully
[14:55:58] [32minfo[39m: Server running on port 5000
[15:00:25] [32minfo[39m: [Request] POST /admin/auth/login - 2025-12-21T09:30:25.499Z
[15:16:11] [32minfo[39m: ✅ MongoDB connected successfully
[15:16:11] [32minfo[39m: Server running on port 5000
[15:16:29] [32minfo[39m: [Request] POST /admin/auth/login - 2025-12-21T09:46:29.156Z
[15:17:31] [32minfo[39m: [Request] POST /admin/auth/login - 2025-12-21T09:47:31.657Z
[15:24:42] [32minfo[39m: [Request] POST /admin/auth/login - 2025-12-21T09:54:42.240Z
[15:24:58] [32minfo[39m: [Request] POST /admin/auth/login - 2025-12-21T09:54:58.335Z
[15:29:18] [32minfo[39m: ✅ MongoDB connected successfully
[15:29:18] [32minfo[39m: Server running on port 5000
[15:29:31] [32minfo[39m: ✅ MongoDB connected successfully
[15:29:31] [32minfo[39m: Server running on port 5000
[15:32:44] [32minfo[39m: ✅ MongoDB connected successfully
[15:32:44] [32minfo[39m: Server running on port 5000
[15:45:57] [32minfo[39m: ✅ MongoDB connected successfully
[15:45:57] [32minfo[39m: Server running on port 5000
[15:50:42] [32minfo[39m: ✅ MongoDB connected successfully
[15:50:42] [32minfo[39m: Server running on port 5000
[15:50:47] [32minfo[39m: [Request] POST /admin/auth/login - 2025-12-21T10:20:47.721Z
[15:51:10] [32minfo[39m: [Request] POST /admin/auth/login - 2025-12-21T10:21:10.721Z
[15:51:17] [32minfo[39m: [Request] POST /admin/auth/login - 2025-12-21T10:21:17.839Z
[15:51:41] [32minfo[39m: ✅ MongoDB connected successfully
[15:51:41] [32minfo[39m: Server running on port 5000
[15:51:49] [32minfo[39m: [Request] POST /admin/auth/login - 2025-12-21T10:21:49.846Z
[15:58:19] [32minfo[39m: ✅ MongoDB connected successfully
[15:58:19] [32minfo[39m: Server running on port 5000
[16:02:51] [32minfo[39m: ✅ MongoDB connected successfully
[16:02:51] [32minfo[39m: Server running on port 5000
[16:02:54] [32minfo[39m: [Request] POST /admin/auth/login - 2025-12-21T10:32:54.718Z
[16:06:22] [32minfo[39m: ✅ MongoDB connected successfully
[16:06:22] [32minfo[39m: Server running on port 5000
[16:24:07] [32minfo[39m: ✅ MongoDB connected successfully
[16:24:07] [32minfo[39m: Server running on port 5000
[16:24:11] [32minfo[39m: [Request] POST /admin/auth/login - 2025-12-21T10:54:11.256Z
[16:24:13] [32minfo[39m: [Request] POST /admin/auth/login - 2025-12-21T10:54:13.958Z
[16:48:30] [32minfo[39m: ✅ MongoDB connected successfully
[16:48:30] [32minfo[39m: Server running on port 5000
[16:48:46] [32minfo[39m: [Request] POST /admin/auth/login - 2025-12-21T11:18:46.288Z
[16:51:16] [32minfo[39m: ✅ MongoDB connected successfully
[16:51:16] [32minfo[39m: Server running on port 5000
[16:51:23] [32minfo[39m: [Request] POST /admin/auth/login - 2025-12-21T11:21:23.794Z
[16:53:34] [32minfo[39m: [Request] POST /admin/auth/login - 2025-12-21T11:23:34.624Z
[16:58:28] [32minfo[39m: ✅ MongoDB connected successfully
[16:58:28] [32minfo[39m: Server running on port 5000
[16:58:32] [32minfo[39m: [Request] POST /admin/auth/login - 2025-12-21T11:28:32.182Z
[17:03:04] [32minfo[39m: ✅ MongoDB connected successfully
[17:03:04] [32minfo[39m: Server running on port 5000
[17:03:10] [32minfo[39m: [Request] POST /admin/auth/login - 2025-12-21T11:33:10.584Z
[17:03:34] [32minfo[39m: ✅ MongoDB connected successfully
[17:03:34] [32minfo[39m: Server running on port 5000
[17:03:36] [32minfo[39m: [Request] POST /admin/auth/login - 2025-12-21T11:33:36.078Z
[17:03:49] [32minfo[39m: ✅ MongoDB connected successfully
[17:03:49] [32minfo[39m: Server running on port 5000
[17:03:52] [32minfo[39m: [Request] POST /admin/auth/login - 2025-12-21T11:33:52.410Z
[17:07:46] [32minfo[39m: ✅ MongoDB connected successfully
[17:07:46] [32minfo[39m: Server running on port 5000
[17:07:51] [32minfo[39m: [Request] POST /admin/auth/login - 2025-12-21T11:37:51.225Z
[17:11:04] [32minfo[39m: ✅ MongoDB connected successfully
[17:11:04] [32minfo[39m: Server running on port 5000
[17:11:09] [32minfo[39m: [Request] POST /admin/auth/login - 2025-12-21T11:41:09.099Z
[17:12:58] [32minfo[39m: ✅ MongoDB connected successfully
[17:12:58] [32minfo[39m: Server running on port 5000
[17:13:05] [32minfo[39m: [Request] POST /admin/auth/login - 2025-12-21T11:43:05.174Z
[17:16:19] [32minfo[39m: ✅ MongoDB connected successfully
[17:16:19] [32minfo[39m: Server running on port 5000
[17:16:25] [32minfo[39m: [Request] POST /admin/auth/login - 2025-12-21T11:46:25.896Z
[17:20:18] [32minfo[39m: ✅ MongoDB connected successfully
[17:20:18] [32minfo[39m: Server running on port 5000
[17:20:23] [32minfo[39m: [Request] POST /admin/auth/login - 2025-12-21T11:50:23.975Z
[17:23:45] [32minfo[39m: ✅ MongoDB connected successfully
[17:23:45] [32minfo[39m: Server running on port 5000
[17:23:47] [32minfo[39m: [Request] POST /admin/auth/login - 2025-12-21T11:53:47.353Z
[17:24:38] [32minfo[39m: ✅ MongoDB connected successfully
[17:24:38] [32minfo[39m: Server running on port 5000
[17:24:41] [32minfo[39m: [Request] POST /admin/auth/login - 2025-12-21T11:54:41.258Z
[17:25:36] [32minfo[39m: ✅ MongoDB connected successfully
[17:25:36] [32minfo[39m: Server running on port 5000
[17:25:38] [32minfo[39m: [Request] POST /admin/auth/login - 2025-12-21T11:55:38.286Z
[17:27:57] [32minfo[39m: ✅ MongoDB connected successfully
[17:27:57] [32minfo[39m: Server running on port 5000
[17:27:59] [32minfo[39m: [Request] POST /admin/auth/login - 2025-12-21T11:57:59.321Z
[17:30:29] [32minfo[39m: ✅ MongoDB connected successfully
[17:30:29] [32minfo[39m: Server running on port 5000
[17:30:37] [32minfo[39m: ✅ MongoDB connected successfully
[17:30:37] [32minfo[39m: Server running on port 5000
[17:30:40] [32minfo[39m: [Request] POST /admin/auth/login - 2025-12-21T12:00:40.258Z
[17:31:54] [32minfo[39m: ✅ MongoDB connected successfully
[17:31:54] [32minfo[39m: Server running on port 5000
[17:31:55] [32minfo[39m: [Request] POST /admin/auth/login - 2025-12-21T12:01:55.755Z
[17:32:08] [32minfo[39m: ✅ MongoDB connected successfully
[17:32:08] [32minfo[39m: Server running on port 5000
[17:32:10] [32minfo[39m: [Request] POST /admin/auth/login - 2025-12-21T12:02:10.251Z
[17:33:39] [32minfo[39m: ✅ MongoDB connected successfully
[17:33:39] [32minfo[39m: Server running on port 5000
[17:35:41] [32minfo[39m: ✅ MongoDB connected successfully
[17:35:41] [32minfo[39m: Server running on port 5000
[17:35:43] [32minfo[39m: [Request] POST /admin/auth/login - 2025-12-21T12:05:43.633Z
[17:36:42] [32minfo[39m: ✅ MongoDB connected successfully
[17:36:42] [32minfo[39m: Server running on port 5000
[17:36:49] [32minfo[39m: ✅ MongoDB connected successfully
[17:36:49] [32minfo[39m: Server running on port 5000
[17:36:50] [32minfo[39m: [Request] POST /admin/auth/login - 2025-12-21T12:06:50.230Z
[17:43:15] [32minfo[39m: ✅ MongoDB connected successfully
[17:43:15] [32minfo[39m: Server running on port 5000
[17:43:37] [32minfo[39m: ✅ MongoDB connected successfully
[17:43:37] [32minfo[39m: Server running on port 5000
[17:43:41] [32minfo[39m: [Request] POST /admin/auth/login - 2025-12-21T12:13:41.589Z
[17:46:03] [32minfo[39m: ✅ MongoDB connected successfully
[17:46:03] [32minfo[39m: Server running on port 5000
[17:46:21] [32minfo[39m: ✅ MongoDB connected successfully
[17:46:21] [32minfo[39m: Server running on port 5000
[17:46:23] [32minfo[39m: [Request] POST /admin/auth/login - 2025-12-21T12:16:23.500Z
[17:47:45] [32minfo[39m: ✅ MongoDB connected successfully
[17:47:45] [32minfo[39m: Server running on port 5000
[17:47:50] [32minfo[39m: ✅ MongoDB connected successfully
[17:47:50] [32minfo[39m: Server running on port 5000
[17:47:53] [32minfo[39m: [Request] POST /admin/auth/login - 2025-12-21T12:17:53.083Z
[17:56:46] [32minfo[39m: ✅ MongoDB connected successfully
[17:56:46] [32minfo[39m: Server running on port 5000
[17:56:53] [32minfo[39m: [Request] POST /admin/auth/login - 2025-12-21T12:26:53.707Z
[17:58:56] [32minfo[39m: ✅ MongoDB connected successfully
[17:58:56] [32minfo[39m: Server running on port 5000
[17:59:01] [32minfo[39m: [Request] POST /admin/auth/login - 2025-12-21T12:29:01.233Z
[18:01:48] [32minfo[39m: ✅ MongoDB connected successfully
[18:01:48] [32minfo[39m: Server running on port 5000
[18:01:49] [32minfo[39m: [Request] POST /admin/auth/login - 2025-12-21T12:31:49.335Z
[18:04:17] [32minfo[39m: ✅ MongoDB connected successfully
[18:04:17] [32minfo[39m: Server running on port 5000
[18:04:45] [32minfo[39m: ✅ MongoDB connected successfully
[18:04:45] [32minfo[39m: Server running on port 5000
[18:05:32] [32minfo[39m: ✅ MongoDB connected successfully
[18:05:32] [32minfo[39m: Server running on port 5000
[18:06:03] [32minfo[39m: ✅ MongoDB connected successfully
[18:06:03] [32minfo[39m: Server running on port 5000
[18:06:13] [32minfo[39m: [Request] POST /admin/auth/login - 2025-12-21T12:36:13.010Z
[18:07:24] [32minfo[39m: ✅ MongoDB connected successfully
[18:07:24] [32minfo[39m: Server running on port 5000
[18:22:13] [32minfo[39m: ✅ MongoDB connected successfully
[18:22:13] [32minfo[39m: Server running on port 5000
[18:22:22] [32minfo[39m: [Request] POST /admin/auth/login - 2025-12-21T12:52:22.269Z
[18:24:09] [32minfo[39m: ✅ MongoDB connected successfully
[18:24:09] [32minfo[39m: Server running on port 5000
