[13:27:03] [32minfo[39m: ✅ MongoDB connected successfully
[13:27:03] [32minfo[39m: Server running on port 5000
[13:27:16] [32minfo[39m: [Request] GET /api/vendor/dashboard - 2025-12-22T07:57:16.992Z
[13:27:17] [32minfo[39m: [Request] GET /api/vendor/dashboard - 2025-12-22T07:57:17.015Z
[13:27:21] [32minfo[39m: [Request] POST /api/vendor/login - 2025-12-22T07:57:21.402Z
[13:27:32] [32minfo[39m: [Request] POST /api/vendor/login - 2025-12-22T07:57:32.732Z
[13:27:36] [32minfo[39m: [Request] POST /api/vendor/login - 2025-12-22T07:57:36.149Z
[13:28:23] [32minfo[39m: ✅ MongoDB connected successfully
[13:28:23] [32minfo[39m: Server running on port 5000
[13:28:26] [32minfo[39m: [Request] POST /api/vendor/login - 2025-12-22T07:58:26.161Z
[13:28:37] [32minfo[39m: [Request] POST /api/vendor/login - 2025-12-22T07:58:37.457Z
[13:29:09] [32minfo[39m: [Request] GET /api/vendor/dashboard - 2025-12-22T07:59:09.953Z
[13:29:10] [32minfo[39m: [Request] GET /api/vendor/dashboard - 2025-12-22T07:59:10.045Z
[13:29:16] [32minfo[39m: [Request] POST /api/vendor/login - 2025-12-22T07:59:16.820Z
[13:29:19] [32minfo[39m: [Request] GET /favicon.ico - 2025-12-22T07:59:19.167Z
[13:29:37] [32minfo[39m: [Request] GET /api/vendor/qr/download - 2025-12-22T07:59:37.455Z
[13:33:27] [32minfo[39m: [Request] POST /api/vendor/register - 2025-12-22T08:03:27.329Z
[13:33:44] [32minfo[39m: [Request] POST /api/vendor/login - 2025-12-22T08:03:44.425Z
[13:33:44] [32minfo[39m: [Request] GET /api/vendor/dashboard - 2025-12-22T08:03:44.772Z
[13:33:45] [32minfo[39m: [Request] GET /api/vendor/dashboard - 2025-12-22T08:03:45.207Z
[13:34:13] [32minfo[39m: [Request] POST /api/vendor/login - 2025-12-22T08:04:13.764Z
[13:34:20] [32minfo[39m: [Request] POST /api/vendor/login - 2025-12-22T08:04:20.086Z
[13:34:53] [32minfo[39m: [Request] POST /api/vendor/login - 2025-12-22T08:04:53.007Z
[13:36:41] [32minfo[39m: [Request] POST /api/auth/login - 2025-12-22T08:06:41.266Z
[13:37:10] [32minfo[39m: [Request] POST /api/files/upload? - 2025-12-22T08:07:10.508Z
[13:38:15] [32minfo[39m: [Request] POST /admin/auth/login - 2025-12-22T08:08:15.210Z
[13:38:45] [32minfo[39m: ✅ MongoDB connected successfully
[13:38:45] [32minfo[39m: Server running on port 5000
[13:38:53] [32minfo[39m: [Request] POST /admin/auth/login - 2025-12-22T08:08:53.752Z
[15:03:40] [32minfo[39m: ✅ MongoDB connected successfully
[15:03:40] [32minfo[39m: Server running on port 5000
[15:04:05] [32minfo[39m: ✅ MongoDB connected successfully
[15:04:05] [32minfo[39m: Server running on port 5000
[15:04:29] [32minfo[39m: ✅ MongoDB connected successfully
[15:04:29] [32minfo[39m: Server running on port 5000
[15:04:52] [32minfo[39m: ✅ MongoDB connected successfully
[15:04:52] [32minfo[39m: Server running on port 5000
[15:11:53] [32minfo[39m: ✅ MongoDB connected successfully
[15:11:53] [32minfo[39m: Server running on port 5000
[15:12:30] [32minfo[39m: ✅ MongoDB connected successfully
[15:12:30] [32minfo[39m: Server running on port 5000
[15:13:34] [32minfo[39m: ✅ MongoDB connected successfully
[15:13:34] [32minfo[39m: Server running on port 5000
[15:13:43] [32minfo[39m: ✅ MongoDB connected successfully
[15:13:43] [32minfo[39m: Server running on port 5000
[15:14:37] [32minfo[39m: ✅ MongoDB connected successfully
[15:14:37] [32minfo[39m: Server running on port 5000
[15:16:31] [32minfo[39m: ✅ MongoDB connected successfully
[15:16:31] [32minfo[39m: Server running on port 5000
[15:36:01] [32minfo[39m: ✅ MongoDB connected successfully
[15:36:01] [32minfo[39m: Server running on port 5000
[15:36:48] [32minfo[39m: ✅ MongoDB connected successfully
[15:36:48] [32minfo[39m: Server running on port 5000
[15:37:50] [32minfo[39m: ✅ MongoDB connected successfully
[15:37:50] [32minfo[39m: Server running on port 5000
[15:38:38] [32minfo[39m: ✅ MongoDB connected successfully
[15:38:38] [32minfo[39m: Server running on port 5000
[15:40:31] [32minfo[39m: ✅ MongoDB connected successfully
[15:40:31] [32minfo[39m: Server running on port 5000
[15:42:17] [32minfo[39m: ✅ MongoDB connected successfully
[15:42:17] [32minfo[39m: Server running on port 5000
[15:42:44] [32minfo[39m: [Request] POST /admin/auth/login - 2025-12-22T10:12:44.937Z
[15:45:01] [32minfo[39m: [Request] POST /admin/vendors - 2025-12-22T10:15:01.439Z
[15:45:17] [32minfo[39m: [Request] POST /admin/vendors - 2025-12-22T10:15:17.966Z
[15:46:32] [32minfo[39m: ✅ MongoDB connected successfully
[15:46:32] [32minfo[39m: Server running on port 5000
[15:46:32] [32minfo[39m: [Request] POST /admin/vendors - 2025-12-22T10:16:32.888Z
[15:46:36] [32minfo[39m: [Request] POST /admin/vendors - 2025-12-22T10:16:36.119Z
[15:47:26] [32minfo[39m: ✅ MongoDB connected successfully
[15:47:26] [32minfo[39m: Server running on port 5000
[15:47:26] [32minfo[39m: [Request] POST /admin/vendors - 2025-12-22T10:17:26.278Z
[15:48:10] [32minfo[39m: [Request] GET /admin/vendors - 2025-12-22T10:18:10.397Z
[15:48:29] [32minfo[39m: [Request] POST /admin/auth/login - 2025-12-22T10:18:29.055Z
[15:48:48] [32minfo[39m: [Request] GET /admin/vendors - 2025-12-22T10:18:48.993Z
[15:51:20] [32minfo[39m: ✅ MongoDB connected successfully
[15:51:20] [32minfo[39m: Server running on port 5000
[15:51:24] [32minfo[39m: [Request] GET /admin/vendors - 2025-12-22T10:21:24.010Z
[15:52:17] [32minfo[39m: ✅ MongoDB connected successfully
[15:52:17] [32minfo[39m: Server running on port 5000
[15:52:58] [32minfo[39m: ✅ MongoDB connected successfully
[15:52:58] [32minfo[39m: Server running on port 5000
[15:53:08] [32minfo[39m: ✅ MongoDB connected successfully
[15:53:08] [32minfo[39m: Server running on port 5000
[15:53:18] [32minfo[39m: ✅ MongoDB connected successfully
[15:53:18] [32minfo[39m: Server running on port 5000
[15:53:25] [32minfo[39m: [Request] GET /admin/vendors - 2025-12-22T10:23:25.323Z
[15:55:33] [32minfo[39m: ✅ MongoDB connected successfully
[15:55:33] [32minfo[39m: Server running on port 5000
[15:56:18] [32minfo[39m: ✅ MongoDB connected successfully
[15:56:18] [32minfo[39m: Server running on port 5000
[15:56:43] [32minfo[39m: ✅ MongoDB connected successfully
[15:56:43] [32minfo[39m: Server running on port 5000
[15:57:12] [32minfo[39m: [Request] GET /admin/vendors - 2025-12-22T10:27:12.645Z
[15:57:39] [32minfo[39m: ✅ MongoDB connected successfully
[15:57:39] [32minfo[39m: Server running on port 5000
[15:57:56] [32minfo[39m: [Request] GET /admin/vendors - 2025-12-22T10:27:56.314Z
[15:58:55] [32minfo[39m: [Request] GET /admin/vendors - 2025-12-22T10:28:55.259Z
[16:01:18] [32minfo[39m: ✅ MongoDB connected successfully
[16:01:18] [32minfo[39m: Server running on port 5000
[16:01:24] [32minfo[39m: [Request] GET /admin/vendors - 2025-12-22T10:31:24.270Z
[16:02:47] [32minfo[39m: ✅ MongoDB connected successfully
[16:02:47] [32minfo[39m: Server running on port 5000
[16:02:55] [32minfo[39m: ✅ MongoDB connected successfully
[16:02:55] [32minfo[39m: Server running on port 5000
[16:03:27] [32minfo[39m: ✅ MongoDB connected successfully
[16:03:27] [32minfo[39m: Server running on port 5000
[16:06:00] [32minfo[39m: ✅ MongoDB connected successfully
[16:06:01] [32minfo[39m: Server running on port 5000
[16:06:25] [32minfo[39m: ✅ MongoDB connected successfully
[16:06:25] [32minfo[39m: Server running on port 5000
[16:07:06] [32minfo[39m: ✅ MongoDB connected successfully
[16:07:06] [32minfo[39m: Server running on port 5000
[16:07:19] [32minfo[39m: [Request] GET /admin/vendors - 2025-12-22T10:37:19.159Z
[16:09:05] [32minfo[39m: [Request] POST /admin/auth/login - 2025-12-22T10:39:05.173Z
[16:09:27] [32minfo[39m: [Request] GET /admin/vendors - 2025-12-22T10:39:27.332Z
[16:09:27] [32minfo[39m: ADMIN JWT SECRET:
[16:09:27] [32minfo[39m: ADMIN TOKEN:
[16:09:27] [32minfo[39m: DECODED ADMIN TOKEN:
[16:20:58] [32minfo[39m: ✅ MongoDB connected successfully
[16:20:58] [32minfo[39m: Server running on port 5000
[16:21:07] [32minfo[39m: ✅ MongoDB connected successfully
[16:21:07] [32minfo[39m: Server running on port 5000
[16:21:18] [32minfo[39m: ✅ MongoDB connected successfully
[16:21:18] [32minfo[39m: Server running on port 5000
[16:21:39] [32minfo[39m: [Request] GET /admin/vendors - 2025-12-22T10:51:39.613Z
[16:21:39] [32minfo[39m: ADMIN JWT SECRET:
[16:21:39] [32minfo[39m: ADMIN TOKEN:
[16:21:39] [32minfo[39m: DECODED ADMIN TOKEN:
[16:22:38] [32minfo[39m: [Request] GET /admin/56e2238b-6064-441a-8b2c-07bd0c041720/files - 2025-12-22T10:52:38.456Z
[16:22:53] [32minfo[39m: [Request] GET /admin/vendors/56e2238b-6064-441a-8b2c-07bd0c041720/files - 2025-12-22T10:52:53.585Z
[16:22:53] [32minfo[39m: ADMIN JWT SECRET:
[16:22:53] [32minfo[39m: ADMIN TOKEN:
[16:22:53] [32minfo[39m: DECODED ADMIN TOKEN:
[16:31:06] [32minfo[39m: ✅ MongoDB connected successfully
[16:31:06] [32minfo[39m: Server running on port 5000
[16:31:38] [32minfo[39m: ✅ MongoDB connected successfully
[16:31:38] [32minfo[39m: Server running on port 5000
[16:32:23] [32minfo[39m: [Request] GET /admin/vendors/56e2238b-6064-441a-8b2c-07bd0c041720/status - 2025-12-22T11:02:23.909Z
[16:32:36] [32minfo[39m: [Request] PATCH /admin/vendors/56e2238b-6064-441a-8b2c-07bd0c041720/status - 2025-12-22T11:02:36.780Z
[16:32:48] [32minfo[39m: [Request] POST /admin/auth/login - 2025-12-22T11:02:48.108Z
[16:33:07] [32minfo[39m: [Request] PATCH /admin/vendors/56e2238b-6064-441a-8b2c-07bd0c041720/status - 2025-12-22T11:03:07.799Z
[16:33:07] [32minfo[39m: ADMIN JWT SECRET:
[16:33:07] [32minfo[39m: ADMIN TOKEN:
[16:33:07] [32minfo[39m: DECODED ADMIN TOKEN:
[16:39:58] [32minfo[39m: ✅ MongoDB connected successfully
[16:39:58] [32minfo[39m: Server running on port 5000
[16:42:06] [32minfo[39m: [Request] PATCH /admin/vendors/56e2238b-6064-441a-8b2c-07bd0c041720/files/6948fc2e420b904e852e1cad/status - 2025-12-22T11:12:06.083Z
[16:42:06] [32minfo[39m: ADMIN JWT SECRET:
[16:42:06] [32minfo[39m: ADMIN TOKEN:
[16:42:06] [32minfo[39m: DECODED ADMIN TOKEN:
[17:39:03] [32minfo[39m: ✅ MongoDB connected successfully
[17:39:03] [32minfo[39m: Server running on port 5000
[17:39:52] [32minfo[39m: [Request] PATCH /admin/vendors/56e2238b-6064-441a-8b2c-07bd0c041720/status - 2025-12-22T12:09:52.579Z
[17:40:10] [32minfo[39m: [Request] POST /admin/auth/login - 2025-12-22T12:10:10.841Z
[17:40:33] [32minfo[39m: [Request] PATCH /admin/vendors/56e2238b-6064-441a-8b2c-07bd0c041720/status - 2025-12-22T12:10:33.984Z
[17:40:33] [32minfo[39m: ADMIN JWT SECRET:
[17:40:33] [32minfo[39m: ADMIN TOKEN:
[17:40:33] [32minfo[39m: DECODED ADMIN TOKEN:
[17:41:24] [32minfo[39m: [Request] PATCH /admin/vendors/56e2238b-6064-441a-8b2c-07bd0c041720/status - 2025-12-22T12:11:24.807Z
[17:41:24] [32minfo[39m: ADMIN JWT SECRET:
[17:41:24] [32minfo[39m: ADMIN TOKEN:
[17:41:24] [32minfo[39m: DECODED ADMIN TOKEN:
[17:47:38] [32minfo[39m: ✅ MongoDB connected successfully
[17:47:38] [32minfo[39m: Server running on port 5000
[17:47:50] [32minfo[39m: [Request] PATCH /admin/vendors/56e2238b-6064-441a-8b2c-07bd0c041720/status - 2025-12-22T12:17:50.193Z
[17:47:50] [32minfo[39m: ADMIN JWT SECRET:
[17:47:50] [32minfo[39m: ADMIN TOKEN:
[17:47:50] [32minfo[39m: DECODED ADMIN TOKEN:
[17:49:05] [32minfo[39m: [Request] POST /api/vendor/login - 2025-12-22T12:19:05.295Z
[17:49:05] [32minfo[39m: [Request] GET /api/vendor/dashboard - 2025-12-22T12:19:05.925Z
[17:49:06] [32minfo[39m: [Request] GET /api/vendor/dashboard - 2025-12-22T12:19:06.451Z
[17:49:08] [32minfo[39m: [Request] GET /api/vendor/dashboard - 2025-12-22T12:19:08.854Z
[17:49:09] [32minfo[39m: [Request] GET /api/vendor/dashboard - 2025-12-22T12:19:09.270Z
[17:49:24] [32minfo[39m: [Request] POST /api/vendor/login - 2025-12-22T12:19:24.258Z
[17:49:24] [32minfo[39m: [Request] GET /api/vendor/dashboard - 2025-12-22T12:19:24.535Z
[17:49:24] [32minfo[39m: [Request] GET /api/vendor/dashboard - 2025-12-22T12:19:24.831Z
[17:50:44] [32minfo[39m: [Request] PATCH /api/vendor/files/6948fc3f420b904e852e1cbf/printed - 2025-12-22T12:20:44.935Z
[17:50:45] [31merror[39m: ReferenceError: AuditLog is not defined
    at markFilesAsPrinted (file:///C:/Users/Pratik/Projects/sandbox/Backend/src/controllers/vendorController.js:198:5)
    at process.processTicksAndRejections (node:internal/process/task_queues:105:5)
[17:51:00] [32minfo[39m: [Request] PATCH /api/vendor/files/6948fc3f420b904e852e1cbf/printed - 2025-12-22T12:21:00.759Z
[17:51:01] [31merror[39m: ReferenceError: AuditLog is not defined
    at markFilesAsPrinted (file:///C:/Users/Pratik/Projects/sandbox/Backend/src/controllers/vendorController.js:198:5)
    at process.processTicksAndRejections (node:internal/process/task_queues:105:5)
[17:51:10] [32minfo[39m: [Request] PATCH /api/vendor/files/6948fc3f420b904e852e1cbf/printed - 2025-12-22T12:21:10.480Z
[17:51:10] [31merror[39m: ReferenceError: AuditLog is not defined
    at markFilesAsPrinted (file:///C:/Users/Pratik/Projects/sandbox/Backend/src/controllers/vendorController.js:198:5)
    at process.processTicksAndRejections (node:internal/process/task_queues:105:5)
[17:51:22] [32minfo[39m: [Request] GET /api/vendor/dashboard - 2025-12-22T12:21:22.301Z
[17:51:22] [32minfo[39m: [Request] GET /api/vendor/dashboard - 2025-12-22T12:21:22.572Z
[17:51:28] [32minfo[39m: [Request] GET /api/vendor/dashboard - 2025-12-22T12:21:28.857Z
[17:51:29] [32minfo[39m: [Request] GET /api/vendor/dashboard - 2025-12-22T12:21:29.245Z
[17:51:33] [32minfo[39m: [Request] PATCH /api/vendor/files/6948fc3f420b904e852e1cbd/printed - 2025-12-22T12:21:33.190Z
[17:51:33] [31merror[39m: ReferenceError: AuditLog is not defined
    at markFilesAsPrinted (file:///C:/Users/Pratik/Projects/sandbox/Backend/src/controllers/vendorController.js:198:5)
    at process.processTicksAndRejections (node:internal/process/task_queues:105:5)
[17:51:40] [32minfo[39m: [Request] GET /api/vendor/dashboard - 2025-12-22T12:21:40.470Z
[17:51:40] [32minfo[39m: [Request] GET /api/vendor/dashboard - 2025-12-22T12:21:40.758Z
[17:51:59] [32minfo[39m: [Request] PATCH /api/vendor/files/6948fc3f420b904e852e1cbb/printed - 2025-12-22T12:21:59.511Z
[17:51:59] [31merror[39m: ReferenceError: AuditLog is not defined
    at markFilesAsPrinted (file:///C:/Users/Pratik/Projects/sandbox/Backend/src/controllers/vendorController.js:198:5)
    at process.processTicksAndRejections (node:internal/process/task_queues:105:5)
[17:52:10] [32minfo[39m: [Request] GET /api/vendor/dashboard - 2025-12-22T12:22:10.867Z
[17:52:11] [32minfo[39m: [Request] GET /api/vendor/dashboard - 2025-12-22T12:22:11.194Z
[17:53:16] [32minfo[39m: [Request] PATCH /api/vendor/files/bulk-delete - 2025-12-22T12:23:16.493Z
[18:00:26] [32minfo[39m: ✅ MongoDB connected successfully
[18:00:26] [32minfo[39m: Server running on port 5000
