[11:23:22] [32minfo[39m: Server running on port 3000
[11:23:24] [32minfo[39m: ✅ MongoDB connected successfully
[11:23:24] [32minfo[39m: 🧹 File cleanup job started (every 6 hours)
[11:23:24] [32minfo[39m: Database connected
[11:24:29] [32minfo[39m: [Request] GET /favicon.ico - 2026-01-18T05:54:29.884Z
[11:41:40] [32minfo[39m: Server running on port 3000
[11:41:42] [32minfo[39m: ✅ MongoDB connected successfully
[11:41:42] [32minfo[39m: 🧹 File cleanup job started (every 6 hours)
[11:41:42] [32minfo[39m: Database connected
[12:01:58] [32minfo[39m: Server running on port 3000
[12:01:59] [32minfo[39m: ✅ MongoDB connected successfully
[12:01:59] [32minfo[39m: 🧹 File cleanup job started (every 6 hours)
[12:01:59] [32minfo[39m: Database connected
[12:07:40] [32minfo[39m: Server running on port 3000
[12:07:41] [32minfo[39m: ✅ MongoDB connected successfully
[12:07:41] [32minfo[39m: 🧹 File cleanup job started (every 6 hours)
[12:07:41] [32minfo[39m: Database connected
[12:40:22] [32minfo[39m: Server running on port 3000
[12:40:24] [32minfo[39m: ✅ MongoDB connected successfully
[12:40:24] [32minfo[39m: 🧹 File cleanup job started (every 6 hours)
[12:40:24] [32minfo[39m: Database connected
[12:49:24] [32minfo[39m: Server running on port 3000
[12:49:25] [32minfo[39m: ✅ MongoDB connected successfully
[12:49:25] [32minfo[39m: 🧹 File cleanup job started (every 6 hours)
[12:49:25] [32minfo[39m: Database connected
[12:50:32] [32minfo[39m: Server running on port 3000
[12:50:34] [32minfo[39m: ✅ MongoDB connected successfully
[12:50:34] [32minfo[39m: 🧹 File cleanup job started (every 6 hours)
[12:50:34] [32minfo[39m: Database connected
[13:40:37] [32minfo[39m: Server running on port 3000
[13:40:39] [32minfo[39m: ✅ MongoDB connected successfully
[13:40:39] [32minfo[39m: 🧹 File cleanup job started (every 6 hours)
[13:40:39] [32minfo[39m: Database connected
[13:50:14] [32minfo[39m: Server running on port 3000
[13:50:15] [32minfo[39m: ✅ MongoDB connected successfully
[13:50:15] [32minfo[39m: 🧹 File cleanup job started (every 6 hours)
[13:50:15] [32minfo[39m: Database connected
[13:51:43] [32minfo[39m: Server running on port 3000
[13:51:45] [32minfo[39m: ✅ MongoDB connected successfully
[13:51:45] [32minfo[39m: 🧹 File cleanup job started (every 6 hours)
[13:51:45] [32minfo[39m: Database connected
[14:45:45] [32minfo[39m: Server running on port 3000
[14:45:46] [32minfo[39m: ✅ MongoDB connected successfully
[14:45:46] [32minfo[39m: 🧹 File cleanup job started (every 6 hours)
[14:45:46] [32minfo[39m: Database connected
[14:50:47] [32minfo[39m: Server running on port 3000
[14:50:49] [32minfo[39m: ✅ MongoDB connected successfully
[14:50:49] [32minfo[39m: 🧹 File cleanup job started (every 6 hours)
[14:50:49] [32minfo[39m: Database connected
[14:54:10] [32minfo[39m: Server running on port 3000
[14:54:11] [32minfo[39m: ✅ MongoDB connected successfully
[14:54:11] [32minfo[39m: 🧹 File cleanup job started (every 6 hours)
[14:54:11] [32minfo[39m: Database connected
[14:55:10] [32minfo[39m: Server running on port 3000
[14:55:11] [32minfo[39m: ✅ MongoDB connected successfully
[14:55:11] [32minfo[39m: 🧹 File cleanup job started (every 6 hours)
[14:55:11] [32minfo[39m: Database connected
[14:56:32] [32minfo[39m: Server running on port 3000
[14:56:34] [32minfo[39m: ✅ MongoDB connected successfully
[14:56:34] [32minfo[39m: 🧹 File cleanup job started (every 6 hours)
[14:56:34] [32minfo[39m: Database connected
[14:57:46] [32minfo[39m: Server running on port 3000
[14:57:47] [32minfo[39m: ✅ MongoDB connected successfully
[14:57:47] [32minfo[39m: 🧹 File cleanup job started (every 6 hours)
[14:57:47] [32minfo[39m: Database connected
[14:58:07] [32minfo[39m: Server running on port 3000
[14:58:09] [32minfo[39m: ✅ MongoDB connected successfully
[14:58:09] [32minfo[39m: 🧹 File cleanup job started (every 6 hours)
[14:58:09] [32minfo[39m: Database connected
[14:59:32] [32minfo[39m: Server running on port 3000
[14:59:33] [32minfo[39m: ✅ MongoDB connected successfully
[14:59:33] [32minfo[39m: 🧹 File cleanup job started (every 6 hours)
[14:59:33] [32minfo[39m: Database connected
[15:00:16] [32minfo[39m: Server running on port 3000
[15:00:17] [32minfo[39m: ✅ MongoDB connected successfully
[15:00:17] [32minfo[39m: 🧹 File cleanup job started (every 6 hours)
[15:00:17] [32minfo[39m: Database connected
[15:01:50] [32minfo[39m: Server running on port 3000
[15:01:53] [32minfo[39m: ✅ MongoDB connected successfully
[15:01:53] [32minfo[39m: 🧹 File cleanup job started (every 6 hours)
[15:01:53] [32minfo[39m: Database connected
