[10:31:33] [32minfo[39m: ✅ MongoDB connected successfully
[10:31:33] [32minfo[39m: 🧹 File cleanup job started (every 6 hours)
[10:31:33] [32minfo[39m: Server running on port 5000
[10:31:45] [32minfo[39m: [Request] GET /api/vendor/dashboard - 2026-01-17T05:01:45.181Z
[10:31:45] [32minfo[39m: [Request] GET /api/vendor/dashboard - 2026-01-17T05:01:45.409Z
[10:31:48] [32minfo[39m: [Request] GET /favicon.ico - 2026-01-17T05:01:48.064Z
[10:31:52] [32minfo[39m: [Request] GET /api/vendor/dashboard - 2026-01-17T05:01:52.504Z
[10:31:52] [32minfo[39m: [Request] GET /api/vendor/dashboard - 2026-01-17T05:01:52.702Z
[10:31:56] [32minfo[39m: [Request] GET /api/vendor/dashboard - 2026-01-17T05:01:56.382Z
[10:31:56] [32minfo[39m: [Request] GET /api/vendor/dashboard - 2026-01-17T05:01:56.690Z
[11:06:11] [32minfo[39m: ✅ MongoDB connected successfully
[11:06:11] [32minfo[39m: 🧹 File cleanup job started (every 6 hours)
[11:06:11] [32minfo[39m: Server running on port 5000
[12:00:02] [32minfo[39m: ✅ MongoDB connected successfully
[12:00:02] [32minfo[39m: 🧹 File cleanup job started (every 6 hours)
[12:00:02] [32minfo[39m: Server running on port 5000
[12:12:50] [32minfo[39m: Server running on port 5000
[12:12:59] [32minfo[39m: Server running on port 5000
[12:13:10] [32minfo[39m: Server running on port 5000
[12:13:13] [32minfo[39m: ✅ MongoDB connected successfully
[12:13:13] [32minfo[39m: 🧹 File cleanup job started (every 6 hours)
[12:13:14] [32minfo[39m: Database connected
[12:43:58] [32minfo[39m: Server running on port 5000
[12:44:25] [31merror[39m: MongooseServerSelectionError: Could not connect to any servers in your MongoDB Atlas cluster. One common reason is that you're trying to access the database from an IP that isn't whitelisted. Make sure your current IP address is on your Atlas cluster's IP whitelist: https://www.mongodb.com/docs/atlas/security-whitelist/
    at _handleConnectionErrors (C:\Users\Pratik\Projects\sandbox\Backend\node_modules\mongoose\lib\connection.js:1169:11)
    at NativeConnection.openUri (C:\Users\Pratik\Projects\sandbox\Backend\node_modules\mongoose\lib\connection.js:1100:11)
    at async connectDB (file:///C:/Users/Pratik/Projects/sandbox/Backend/src/config/db.js:13:5)
[12:47:23] [32minfo[39m: Server running on port 5000
[12:47:25] [32minfo[39m: ✅ MongoDB connected successfully
[12:47:25] [32minfo[39m: 🧹 File cleanup job started (every 6 hours)
[12:47:25] [32minfo[39m: Database connected
[13:29:14] [32minfo[39m: Server running on port 3000
[13:29:17] [32minfo[39m: ✅ MongoDB connected successfully
[13:29:17] [32minfo[39m: 🧹 File cleanup job started (every 6 hours)
[13:29:18] [32minfo[39m: Database connected
[13:30:39] [32minfo[39m: Server running on port 3000
[13:30:42] [32minfo[39m: ✅ MongoDB connected successfully
[13:30:42] [32minfo[39m: 🧹 File cleanup job started (every 6 hours)
[13:30:42] [32minfo[39m: Database connected
[13:39:59] [32minfo[39m: Server running on port 3000
[13:40:02] [32minfo[39m: ✅ MongoDB connected successfully
[13:40:02] [32minfo[39m: 🧹 File cleanup job started (every 6 hours)
[13:40:02] [32minfo[39m: Database connected
[13:45:42] [32minfo[39m: Server running on port 3000
[13:45:45] [32minfo[39m: ✅ MongoDB connected successfully
[13:45:45] [32minfo[39m: 🧹 File cleanup job started (every 6 hours)
[13:45:45] [32minfo[39m: Database connected
[20:54:55] [32minfo[39m: Server running on port 3000
[20:54:57] [32minfo[39m: ✅ MongoDB connected successfully
[20:54:57] [32minfo[39m: 🧹 File cleanup job started (every 6 hours)
[20:54:57] [32minfo[39m: Database connected
[20:58:26] [32minfo[39m: [Request] GET / - 2026-01-17T15:28:26.893Z
[20:58:27] [32minfo[39m: [Request] GET /favicon.ico - 2026-01-17T15:28:27.096Z
